2022-12-24 16:26:24,539 INFO org.apache.juli.logging.DirectJDKLog [http-nio-8080-exec-1] Initializing Spring DispatcherServlet 'dispatcherServlet'
2022-12-24 16:26:38,608 WARN itacad.aliaksandrkryvapust.myfitapp.controller.filter.JwtFilter [http-nio-8080-exec-1] JWT token does not start with Bearer string
2022-12-24 16:27:37,671 WARN itacad.aliaksandrkryvapust.myfitapp.controller.filter.JwtFilter [http-nio-8080-exec-5] JWT token does not start with Bearer string
2022-12-24 16:51:32,957 WARN itacad.aliaksandrkryvapust.myfitapp.controller.filter.JwtFilter [http-nio-8080-exec-7] JWT token does not start with Bearer string
2022-12-24 16:51:34,870 ERROR itacad.aliaksandrkryvapust.myfitapp.controller.exceptions.RestExceptionHandler [http-nio-8080-exec-7] Bad credentials	null
org.springframework.security.authentication.BadCredentialsException: Bad credentials
2022-12-24 17:11:59,180 INFO org.hibernate.engine.jdbc.connections.internal.DriverManagerConnectionProviderImpl$PoolState [SpringApplicationShutdownHook] HHH10001008: Cleaning up connection pool [jdbc:postgresql://localhost:5432/my_fit]
2022-12-24 17:14:59,597 INFO org.hibernate.validator.internal.util.Version [background-preinit] HV000001: Hibernate Validator 6.2.5.Final
2022-12-24 17:14:59,627 INFO org.springframework.boot.StartupInfoLogger [main] Starting MyFitApp using Java 11.0.16.1 on Zodiac-PC with PID 8808 (G:\Java\Beginner\MyFitApp\target\classes started by User in G:\Java\Beginner\MyFitApp)
2022-12-24 17:14:59,637 INFO org.springframework.boot.SpringApplication [main] No active profile set, falling back to 1 default profile: "default"
2022-12-24 17:15:01,767 INFO org.apache.juli.logging.DirectJDKLog [main] Initializing ProtocolHandler ["http-nio-8080"]
2022-12-24 17:15:01,767 INFO org.apache.juli.logging.DirectJDKLog [main] Starting service [Tomcat]
2022-12-24 17:15:01,767 INFO org.apache.juli.logging.DirectJDKLog [main] Starting Servlet engine: [Apache Tomcat/9.0.69]
2022-12-24 17:15:01,907 INFO org.apache.juli.logging.DirectJDKLog [main] Initializing Spring embedded WebApplicationContext
2022-12-24 17:15:02,027 INFO org.hibernate.jpa.internal.util.LogHelper [main] HHH000204: Processing PersistenceUnitInfo [name: default]
2022-12-24 17:15:02,087 INFO org.hibernate.Version [main] HHH000412: Hibernate ORM core version 5.6.14.Final
2022-12-24 17:15:02,249 INFO org.hibernate.annotations.common.reflection.java.JavaReflectionManager [main] HCANN000001: Hibernate Commons Annotations {5.1.2.Final}
2022-12-24 17:15:02,493 WARN org.hibernate.engine.jdbc.connections.internal.DriverManagerConnectionProviderImpl [main] HHH10001002: Using Hibernate built-in connection pool (not for production use!)
2022-12-24 17:15:02,493 INFO org.hibernate.engine.jdbc.connections.internal.DriverManagerConnectionProviderImpl [main] HHH10001005: using driver [org.postgresql.Driver] at URL [jdbc:postgresql://localhost:5432/my_fit]
2022-12-24 17:15:02,493 INFO org.hibernate.engine.jdbc.connections.internal.DriverManagerConnectionProviderImpl [main] HHH10001001: Connection properties: {password=****, user=postgres}
2022-12-24 17:15:02,493 INFO org.hibernate.engine.jdbc.connections.internal.DriverManagerConnectionProviderImpl [main] HHH10001003: Autocommit mode: false
2022-12-24 17:15:02,503 INFO org.hibernate.engine.jdbc.connections.internal.DriverManagerConnectionProviderImpl$PooledConnections [main] HHH000115: Hibernate connection pool size: 10 (min=1)
2022-12-24 17:15:02,803 INFO org.hibernate.dialect.Dialect [main] HHH000400: Using dialect: org.hibernate.dialect.PostgreSQLDialect
2022-12-24 17:15:03,523 INFO org.hibernate.engine.transaction.jta.platform.internal.JtaPlatformInitiator [main] HHH000490: Using JtaPlatform implementation: [org.hibernate.engine.transaction.jta.platform.internal.NoJtaPlatform]
2022-12-24 17:15:04,663 INFO org.apache.juli.logging.DirectJDKLog [main] Starting ProtocolHandler ["http-nio-8080"]
2022-12-24 17:15:04,703 INFO org.springframework.boot.StartupInfoLogger [main] Started MyFitApp in 5.818 seconds (JVM running for 8.516)
2022-12-24 17:15:17,192 INFO org.apache.juli.logging.DirectJDKLog [http-nio-8080-exec-1] Initializing Spring DispatcherServlet 'dispatcherServlet'
2022-12-24 17:15:17,225 WARN itacad.aliaksandrkryvapust.myfitapp.controller.filter.JwtFilter [http-nio-8080-exec-1] JWT token does not start with Bearer string
2022-12-24 17:15:17,903 ERROR itacad.aliaksandrkryvapust.myfitapp.controller.exceptions.RestExceptionHandler [http-nio-8080-exec-1] User login or password is incorrect	null
org.springframework.security.authentication.BadCredentialsException: User login or password is incorrect
2022-12-24 17:15:42,435 INFO org.hibernate.engine.jdbc.connections.internal.DriverManagerConnectionProviderImpl$PoolState [SpringApplicationShutdownHook] HHH10001008: Cleaning up connection pool [jdbc:postgresql://localhost:5432/my_fit]
2022-12-24 17:15:50,721 INFO org.hibernate.validator.internal.util.Version [background-preinit] HV000001: Hibernate Validator 6.2.5.Final
2022-12-24 17:15:50,751 INFO org.springframework.boot.StartupInfoLogger [main] Starting MyFitApp using Java 11.0.16.1 on Zodiac-PC with PID 19276 (G:\Java\Beginner\MyFitApp\target\classes started by User in G:\Java\Beginner\MyFitApp)
2022-12-24 17:15:50,751 INFO org.springframework.boot.SpringApplication [main] No active profile set, falling back to 1 default profile: "default"
2022-12-24 17:15:52,643 INFO org.apache.juli.logging.DirectJDKLog [main] Initializing ProtocolHandler ["http-nio-8080"]
2022-12-24 17:15:52,643 INFO org.apache.juli.logging.DirectJDKLog [main] Starting service [Tomcat]
2022-12-24 17:15:52,643 INFO org.apache.juli.logging.DirectJDKLog [main] Starting Servlet engine: [Apache Tomcat/9.0.69]
2022-12-24 17:15:52,783 INFO org.apache.juli.logging.DirectJDKLog [main] Initializing Spring embedded WebApplicationContext
2022-12-24 17:15:52,923 INFO org.hibernate.jpa.internal.util.LogHelper [main] HHH000204: Processing PersistenceUnitInfo [name: default]
2022-12-24 17:15:52,983 INFO org.hibernate.Version [main] HHH000412: Hibernate ORM core version 5.6.14.Final
2022-12-24 17:15:53,353 INFO org.hibernate.annotations.common.reflection.java.JavaReflectionManager [main] HCANN000001: Hibernate Commons Annotations {5.1.2.Final}
2022-12-24 17:15:53,613 WARN org.hibernate.engine.jdbc.connections.internal.DriverManagerConnectionProviderImpl [main] HHH10001002: Using Hibernate built-in connection pool (not for production use!)
2022-12-24 17:15:53,623 INFO org.hibernate.engine.jdbc.connections.internal.DriverManagerConnectionProviderImpl [main] HHH10001005: using driver [org.postgresql.Driver] at URL [jdbc:postgresql://localhost:5432/my_fit]
2022-12-24 17:15:53,623 INFO org.hibernate.engine.jdbc.connections.internal.DriverManagerConnectionProviderImpl [main] HHH10001001: Connection properties: {password=****, user=postgres}
2022-12-24 17:15:53,623 INFO org.hibernate.engine.jdbc.connections.internal.DriverManagerConnectionProviderImpl [main] HHH10001003: Autocommit mode: false
2022-12-24 17:15:53,623 INFO org.hibernate.engine.jdbc.connections.internal.DriverManagerConnectionProviderImpl$PooledConnections [main] HHH000115: Hibernate connection pool size: 10 (min=1)
2022-12-24 17:15:53,802 INFO org.hibernate.dialect.Dialect [main] HHH000400: Using dialect: org.hibernate.dialect.PostgreSQLDialect
2022-12-24 17:15:54,722 INFO org.hibernate.engine.transaction.jta.platform.internal.JtaPlatformInitiator [main] HHH000490: Using JtaPlatform implementation: [org.hibernate.engine.transaction.jta.platform.internal.NoJtaPlatform]
2022-12-24 17:15:56,940 INFO org.apache.juli.logging.DirectJDKLog [main] Starting ProtocolHandler ["http-nio-8080"]
2022-12-24 17:15:57,010 INFO org.springframework.boot.StartupInfoLogger [main] Started MyFitApp in 7.107 seconds (JVM running for 9.025)
2022-12-24 17:16:48,320 INFO org.apache.juli.logging.DirectJDKLog [http-nio-8080-exec-2] Initializing Spring DispatcherServlet 'dispatcherServlet'
2022-12-24 17:16:54,884 WARN itacad.aliaksandrkryvapust.myfitapp.controller.filter.JwtFilter [http-nio-8080-exec-2] JWT token does not start with Bearer string
2022-12-24 17:22:58,169 ERROR itacad.aliaksandrkryvapust.myfitapp.controller.exceptions.RestExceptionHandler [http-nio-8080-exec-2] User login or password is incorrect	null
org.springframework.security.authentication.BadCredentialsException: User login or password is incorrect
2022-12-24 17:22:58,229 INFO org.hibernate.engine.jdbc.connections.internal.DriverManagerConnectionProviderImpl$PoolState [SpringApplicationShutdownHook] HHH10001008: Cleaning up connection pool [jdbc:postgresql://localhost:5432/my_fit]
2022-12-24 17:24:23,895 INFO org.hibernate.validator.internal.util.Version [background-preinit] HV000001: Hibernate Validator 6.2.5.Final
2022-12-24 17:24:23,915 INFO org.springframework.boot.StartupInfoLogger [main] Starting MyFitApp using Java 11.0.16.1 on Zodiac-PC with PID 15048 (G:\Java\Beginner\MyFitApp\target\classes started by User in G:\Java\Beginner\MyFitApp)
2022-12-24 17:24:23,925 INFO org.springframework.boot.SpringApplication [main] No active profile set, falling back to 1 default profile: "default"
2022-12-24 17:24:26,325 INFO org.apache.juli.logging.DirectJDKLog [main] Initializing ProtocolHandler ["http-nio-8080"]
2022-12-24 17:24:26,325 INFO org.apache.juli.logging.DirectJDKLog [main] Starting service [Tomcat]
2022-12-24 17:24:26,325 INFO org.apache.juli.logging.DirectJDKLog [main] Starting Servlet engine: [Apache Tomcat/9.0.69]
2022-12-24 17:24:26,525 INFO org.apache.juli.logging.DirectJDKLog [main] Initializing Spring embedded WebApplicationContext
2022-12-24 17:24:26,655 INFO org.hibernate.jpa.internal.util.LogHelper [main] HHH000204: Processing PersistenceUnitInfo [name: default]
2022-12-24 17:24:26,705 INFO org.hibernate.Version [main] HHH000412: Hibernate ORM core version 5.6.14.Final
2022-12-24 17:24:26,895 INFO org.hibernate.annotations.common.reflection.java.JavaReflectionManager [main] HCANN000001: Hibernate Commons Annotations {5.1.2.Final}
2022-12-24 17:24:27,152 WARN org.hibernate.engine.jdbc.connections.internal.DriverManagerConnectionProviderImpl [main] HHH10001002: Using Hibernate built-in connection pool (not for production use!)
2022-12-24 17:24:27,152 INFO org.hibernate.engine.jdbc.connections.internal.DriverManagerConnectionProviderImpl [main] HHH10001005: using driver [org.postgresql.Driver] at URL [jdbc:postgresql://localhost:5432/my_fit]
2022-12-24 17:24:27,152 INFO org.hibernate.engine.jdbc.connections.internal.DriverManagerConnectionProviderImpl [main] HHH10001001: Connection properties: {password=****, user=postgres}
2022-12-24 17:24:27,152 INFO org.hibernate.engine.jdbc.connections.internal.DriverManagerConnectionProviderImpl [main] HHH10001003: Autocommit mode: false
2022-12-24 17:24:27,162 INFO org.hibernate.engine.jdbc.connections.internal.DriverManagerConnectionProviderImpl$PooledConnections [main] HHH000115: Hibernate connection pool size: 10 (min=1)
2022-12-24 17:24:27,352 INFO org.hibernate.dialect.Dialect [main] HHH000400: Using dialect: org.hibernate.dialect.PostgreSQLDialect
2022-12-24 17:24:28,282 INFO org.hibernate.engine.transaction.jta.platform.internal.JtaPlatformInitiator [main] HHH000490: Using JtaPlatform implementation: [org.hibernate.engine.transaction.jta.platform.internal.NoJtaPlatform]
2022-12-24 17:24:29,822 INFO org.apache.juli.logging.DirectJDKLog [main] Starting ProtocolHandler ["http-nio-8080"]
2022-12-24 17:24:29,912 INFO org.springframework.boot.StartupInfoLogger [main] Started MyFitApp in 6.843 seconds (JVM running for 9.749)
2022-12-24 17:25:04,581 INFO org.apache.juli.logging.DirectJDKLog [http-nio-8080-exec-1] Initializing Spring DispatcherServlet 'dispatcherServlet'
2022-12-24 17:25:08,992 WARN itacad.aliaksandrkryvapust.myfitapp.controller.filter.JwtFilter [http-nio-8080-exec-1] JWT token does not start with Bearer string
2022-12-24 17:27:30,355 WARN org.hibernate.engine.jdbc.spi.SqlExceptionHelper [Hibernate Connection Pool Validation Thread] SQL Error: 0, SQLState: 08001
2022-12-24 17:27:30,356 ERROR org.hibernate.engine.jdbc.spi.SqlExceptionHelper [Hibernate Connection Pool Validation Thread] Ошибка при попытке подсоединения.
2022-12-24 17:32:52,598 ERROR itacad.aliaksandrkryvapust.myfitapp.controller.exceptions.RestExceptionHandler [http-nio-8080-exec-1] User login or password is incorrect	null
org.springframework.security.authentication.BadCredentialsException: User login or password is incorrect
2022-12-24 17:32:53,488 INFO org.hibernate.engine.jdbc.connections.internal.DriverManagerConnectionProviderImpl$PoolState [SpringApplicationShutdownHook] HHH10001008: Cleaning up connection pool [jdbc:postgresql://localhost:5432/my_fit]
2022-12-24 17:44:47,297 INFO org.hibernate.validator.internal.util.Version [background-preinit] HV000001: Hibernate Validator 6.2.5.Final
2022-12-24 17:44:47,302 INFO org.springframework.boot.StartupInfoLogger [main] Starting MyFitApp using Java 11.0.16.1 on Zodiac-PC with PID 8488 (G:\Java\Beginner\MyFitApp\target\classes started by User in G:\Java\Beginner\MyFitApp)
2022-12-24 17:44:47,306 INFO org.springframework.boot.SpringApplication [main] No active profile set, falling back to 1 default profile: "default"
2022-12-24 17:44:50,729 INFO org.apache.juli.logging.DirectJDKLog [main] Initializing ProtocolHandler ["http-nio-8080"]
2022-12-24 17:44:50,730 INFO org.apache.juli.logging.DirectJDKLog [main] Starting service [Tomcat]
2022-12-24 17:44:50,731 INFO org.apache.juli.logging.DirectJDKLog [main] Starting Servlet engine: [Apache Tomcat/9.0.69]
2022-12-24 17:44:51,075 INFO org.apache.juli.logging.DirectJDKLog [main] Initializing Spring embedded WebApplicationContext
2022-12-24 17:44:51,323 INFO org.hibernate.jpa.internal.util.LogHelper [main] HHH000204: Processing PersistenceUnitInfo [name: default]
2022-12-24 17:44:51,440 INFO org.hibernate.Version [main] HHH000412: Hibernate ORM core version 5.6.14.Final
2022-12-24 17:44:51,768 INFO org.hibernate.annotations.common.reflection.java.JavaReflectionManager [main] HCANN000001: Hibernate Commons Annotations {5.1.2.Final}
2022-12-24 17:44:52,198 WARN org.hibernate.engine.jdbc.connections.internal.DriverManagerConnectionProviderImpl [main] HHH10001002: Using Hibernate built-in connection pool (not for production use!)
2022-12-24 17:44:52,198 INFO org.hibernate.engine.jdbc.connections.internal.DriverManagerConnectionProviderImpl [main] HHH10001005: using driver [org.postgresql.Driver] at URL [jdbc:postgresql://localhost:5432/my_fit]
2022-12-24 17:44:52,198 INFO org.hibernate.engine.jdbc.connections.internal.DriverManagerConnectionProviderImpl [main] HHH10001001: Connection properties: {password=****, user=postgres}
2022-12-24 17:44:52,198 INFO org.hibernate.engine.jdbc.connections.internal.DriverManagerConnectionProviderImpl [main] HHH10001003: Autocommit mode: false
2022-12-24 17:44:52,214 INFO org.hibernate.engine.jdbc.connections.internal.DriverManagerConnectionProviderImpl$PooledConnections [main] HHH000115: Hibernate connection pool size: 10 (min=1)
2022-12-24 17:44:52,601 INFO org.hibernate.dialect.Dialect [main] HHH000400: Using dialect: org.hibernate.dialect.PostgreSQLDialect
2022-12-24 17:44:53,599 INFO org.hibernate.engine.transaction.jta.platform.internal.JtaPlatformInitiator [main] HHH000490: Using JtaPlatform implementation: [org.hibernate.engine.transaction.jta.platform.internal.NoJtaPlatform]
2022-12-24 17:44:55,550 INFO org.apache.juli.logging.DirectJDKLog [main] Starting ProtocolHandler ["http-nio-8080"]
2022-12-24 17:44:55,614 INFO org.springframework.boot.StartupInfoLogger [main] Started MyFitApp in 9.865 seconds (JVM running for 12.786)
2022-12-24 17:45:04,574 INFO org.apache.juli.logging.DirectJDKLog [http-nio-8080-exec-1] Initializing Spring DispatcherServlet 'dispatcherServlet'
2022-12-24 17:45:07,415 WARN itacad.aliaksandrkryvapust.myfitapp.controller.filter.JwtFilter [http-nio-8080-exec-1] JWT token does not start with Bearer string
2022-12-24 17:48:36,945 ERROR itacad.aliaksandrkryvapust.myfitapp.controller.exceptions.RestExceptionHandler [http-nio-8080-exec-1] User login or password is incorrect	null
org.springframework.security.authentication.BadCredentialsException: User login or password is incorrect
2022-12-24 18:05:35,332 INFO org.hibernate.engine.jdbc.connections.internal.DriverManagerConnectionProviderImpl$PoolState [SpringApplicationShutdownHook] HHH10001008: Cleaning up connection pool [jdbc:postgresql://localhost:5432/my_fit]
2022-12-24 18:07:25,228 INFO org.hibernate.validator.internal.util.Version [background-preinit] HV000001: Hibernate Validator 6.2.5.Final
2022-12-24 18:07:25,248 INFO org.springframework.boot.StartupInfoLogger [main] Starting MyFitApp using Java 11.0.16.1 on Zodiac-PC with PID 7672 (G:\Java\Beginner\MyFitApp\target\classes started by User in G:\Java\Beginner\MyFitApp)
2022-12-24 18:07:25,248 INFO org.springframework.boot.SpringApplication [main] No active profile set, falling back to 1 default profile: "default"
2022-12-24 18:07:28,091 INFO org.apache.juli.logging.DirectJDKLog [main] Initializing ProtocolHandler ["http-nio-8080"]
2022-12-24 18:07:28,092 INFO org.apache.juli.logging.DirectJDKLog [main] Starting service [Tomcat]
2022-12-24 18:07:28,093 INFO org.apache.juli.logging.DirectJDKLog [main] Starting Servlet engine: [Apache Tomcat/9.0.69]
2022-12-24 18:07:28,290 INFO org.apache.juli.logging.DirectJDKLog [main] Initializing Spring embedded WebApplicationContext
2022-12-24 18:07:28,519 INFO org.hibernate.jpa.internal.util.LogHelper [main] HHH000204: Processing PersistenceUnitInfo [name: default]
2022-12-24 18:07:28,653 INFO org.hibernate.Version [main] HHH000412: Hibernate ORM core version 5.6.14.Final
2022-12-24 18:07:28,949 INFO org.hibernate.annotations.common.reflection.java.JavaReflectionManager [main] HCANN000001: Hibernate Commons Annotations {5.1.2.Final}
2022-12-24 18:07:29,272 WARN org.hibernate.engine.jdbc.connections.internal.DriverManagerConnectionProviderImpl [main] HHH10001002: Using Hibernate built-in connection pool (not for production use!)
2022-12-24 18:07:29,276 INFO org.hibernate.engine.jdbc.connections.internal.DriverManagerConnectionProviderImpl [main] HHH10001005: using driver [org.postgresql.Driver] at URL [jdbc:postgresql://localhost:5432/my_fit]
2022-12-24 18:07:29,277 INFO org.hibernate.engine.jdbc.connections.internal.DriverManagerConnectionProviderImpl [main] HHH10001001: Connection properties: {password=****, user=postgres}
2022-12-24 18:07:29,277 INFO org.hibernate.engine.jdbc.connections.internal.DriverManagerConnectionProviderImpl [main] HHH10001003: Autocommit mode: false
2022-12-24 18:07:29,281 INFO org.hibernate.engine.jdbc.connections.internal.DriverManagerConnectionProviderImpl$PooledConnections [main] HHH000115: Hibernate connection pool size: 10 (min=1)
2022-12-24 18:07:29,606 INFO org.hibernate.dialect.Dialect [main] HHH000400: Using dialect: org.hibernate.dialect.PostgreSQLDialect
2022-12-24 18:07:30,799 INFO org.hibernate.engine.transaction.jta.platform.internal.JtaPlatformInitiator [main] HHH000490: Using JtaPlatform implementation: [org.hibernate.engine.transaction.jta.platform.internal.NoJtaPlatform]
2022-12-24 18:07:32,485 INFO org.apache.juli.logging.DirectJDKLog [main] Starting ProtocolHandler ["http-nio-8080"]
2022-12-24 18:07:32,577 INFO org.springframework.boot.StartupInfoLogger [main] Started MyFitApp in 8.096 seconds (JVM running for 10.875)
2022-12-24 18:09:46,665 INFO org.apache.juli.logging.DirectJDKLog [http-nio-8080-exec-10] Initializing Spring DispatcherServlet 'dispatcherServlet'
2022-12-24 18:09:46,690 WARN itacad.aliaksandrkryvapust.myfitapp.controller.filter.JwtFilter [http-nio-8080-exec-10] JWT token does not start with Bearer string
2022-12-24 18:10:04,493 WARN itacad.aliaksandrkryvapust.myfitapp.controller.filter.JwtFilter [http-nio-8080-exec-7] JWT token does not start with Bearer string
2022-12-24 18:10:04,828 ERROR itacad.aliaksandrkryvapust.myfitapp.controller.exceptions.RestExceptionHandler [http-nio-8080-exec-7] User login or password is incorrect	null
org.springframework.security.authentication.BadCredentialsException: User login or password is incorrect
2022-12-24 18:10:17,779 INFO org.hibernate.engine.jdbc.connections.internal.DriverManagerConnectionProviderImpl$PoolState [SpringApplicationShutdownHook] HHH10001008: Cleaning up connection pool [jdbc:postgresql://localhost:5432/my_fit]
2022-12-24 18:10:27,210 INFO org.hibernate.validator.internal.util.Version [background-preinit] HV000001: Hibernate Validator 6.2.5.Final
2022-12-24 18:10:27,230 INFO org.springframework.boot.StartupInfoLogger [main] Starting MyFitApp using Java 11.0.16.1 on Zodiac-PC with PID 14200 (G:\Java\Beginner\MyFitApp\target\classes started by User in G:\Java\Beginner\MyFitApp)
2022-12-24 18:10:27,240 INFO org.springframework.boot.SpringApplication [main] No active profile set, falling back to 1 default profile: "default"
2022-12-24 18:10:29,747 INFO org.apache.juli.logging.DirectJDKLog [main] Initializing ProtocolHandler ["http-nio-8080"]
2022-12-24 18:10:29,747 INFO org.apache.juli.logging.DirectJDKLog [main] Starting service [Tomcat]
2022-12-24 18:10:29,747 INFO org.apache.juli.logging.DirectJDKLog [main] Starting Servlet engine: [Apache Tomcat/9.0.69]
2022-12-24 18:10:30,167 INFO org.apache.juli.logging.DirectJDKLog [main] Initializing Spring embedded WebApplicationContext
2022-12-24 18:10:30,367 INFO org.hibernate.jpa.internal.util.LogHelper [main] HHH000204: Processing PersistenceUnitInfo [name: default]
2022-12-24 18:10:30,467 INFO org.hibernate.Version [main] HHH000412: Hibernate ORM core version 5.6.14.Final
2022-12-24 18:10:30,769 INFO org.hibernate.annotations.common.reflection.java.JavaReflectionManager [main] HCANN000001: Hibernate Commons Annotations {5.1.2.Final}
2022-12-24 18:10:31,329 WARN org.hibernate.engine.jdbc.connections.internal.DriverManagerConnectionProviderImpl [main] HHH10001002: Using Hibernate built-in connection pool (not for production use!)
2022-12-24 18:10:31,329 INFO org.hibernate.engine.jdbc.connections.internal.DriverManagerConnectionProviderImpl [main] HHH10001005: using driver [org.postgresql.Driver] at URL [jdbc:postgresql://localhost:5432/my_fit]
2022-12-24 18:10:31,329 INFO org.hibernate.engine.jdbc.connections.internal.DriverManagerConnectionProviderImpl [main] HHH10001001: Connection properties: {password=****, user=postgres}
2022-12-24 18:10:31,339 INFO org.hibernate.engine.jdbc.connections.internal.DriverManagerConnectionProviderImpl [main] HHH10001003: Autocommit mode: false
2022-12-24 18:10:31,339 INFO org.hibernate.engine.jdbc.connections.internal.DriverManagerConnectionProviderImpl$PooledConnections [main] HHH000115: Hibernate connection pool size: 10 (min=1)
2022-12-24 18:10:31,649 INFO org.hibernate.dialect.Dialect [main] HHH000400: Using dialect: org.hibernate.dialect.PostgreSQLDialect
2022-12-24 18:10:32,939 INFO org.hibernate.engine.transaction.jta.platform.internal.JtaPlatformInitiator [main] HHH000490: Using JtaPlatform implementation: [org.hibernate.engine.transaction.jta.platform.internal.NoJtaPlatform]
2022-12-24 18:10:34,769 INFO org.apache.juli.logging.DirectJDKLog [main] Starting ProtocolHandler ["http-nio-8080"]
2022-12-24 18:10:34,839 INFO org.springframework.boot.StartupInfoLogger [main] Started MyFitApp in 8.585 seconds (JVM running for 11.248)
2022-12-24 18:11:10,391 INFO org.apache.juli.logging.DirectJDKLog [http-nio-8080-exec-1] Initializing Spring DispatcherServlet 'dispatcherServlet'
2022-12-24 18:11:13,523 WARN itacad.aliaksandrkryvapust.myfitapp.controller.filter.JwtFilter [http-nio-8080-exec-1] JWT token does not start with Bearer string
2022-12-24 18:12:41,709 ERROR itacad.aliaksandrkryvapust.myfitapp.controller.exceptions.RestExceptionHandler [http-nio-8080-exec-1] User login or password is incorrect	null
org.springframework.security.authentication.BadCredentialsException: User login or password is incorrect
2022-12-24 18:12:41,806 INFO org.hibernate.engine.jdbc.connections.internal.DriverManagerConnectionProviderImpl$PoolState [SpringApplicationShutdownHook] HHH10001008: Cleaning up connection pool [jdbc:postgresql://localhost:5432/my_fit]
2022-12-24 18:14:40,385 INFO org.hibernate.validator.internal.util.Version [background-preinit] HV000001: Hibernate Validator 6.2.5.Final
2022-12-24 18:14:40,405 INFO org.springframework.boot.StartupInfoLogger [main] Starting MyFitApp using Java 11.0.16.1 on Zodiac-PC with PID 16724 (G:\Java\Beginner\MyFitApp\target\classes started by User in G:\Java\Beginner\MyFitApp)
2022-12-24 18:14:40,415 INFO org.springframework.boot.SpringApplication [main] No active profile set, falling back to 1 default profile: "default"
2022-12-24 18:14:42,925 INFO org.apache.juli.logging.DirectJDKLog [main] Initializing ProtocolHandler ["http-nio-8080"]
2022-12-24 18:14:42,925 INFO org.apache.juli.logging.DirectJDKLog [main] Starting service [Tomcat]
2022-12-24 18:14:42,925 INFO org.apache.juli.logging.DirectJDKLog [main] Starting Servlet engine: [Apache Tomcat/9.0.69]
2022-12-24 18:14:43,138 INFO org.apache.juli.logging.DirectJDKLog [main] Initializing Spring embedded WebApplicationContext
2022-12-24 18:14:43,328 INFO org.hibernate.jpa.internal.util.LogHelper [main] HHH000204: Processing PersistenceUnitInfo [name: default]
2022-12-24 18:14:43,418 INFO org.hibernate.Version [main] HHH000412: Hibernate ORM core version 5.6.14.Final
2022-12-24 18:14:43,618 INFO org.hibernate.annotations.common.reflection.java.JavaReflectionManager [main] HCANN000001: Hibernate Commons Annotations {5.1.2.Final}
2022-12-24 18:14:43,868 WARN org.hibernate.engine.jdbc.connections.internal.DriverManagerConnectionProviderImpl [main] HHH10001002: Using Hibernate built-in connection pool (not for production use!)
2022-12-24 18:14:43,878 INFO org.hibernate.engine.jdbc.connections.internal.DriverManagerConnectionProviderImpl [main] HHH10001005: using driver [org.postgresql.Driver] at URL [jdbc:postgresql://localhost:5432/my_fit]
2022-12-24 18:14:43,878 INFO org.hibernate.engine.jdbc.connections.internal.DriverManagerConnectionProviderImpl [main] HHH10001001: Connection properties: {password=****, user=postgres}
2022-12-24 18:14:43,878 INFO org.hibernate.engine.jdbc.connections.internal.DriverManagerConnectionProviderImpl [main] HHH10001003: Autocommit mode: false
2022-12-24 18:14:43,878 INFO org.hibernate.engine.jdbc.connections.internal.DriverManagerConnectionProviderImpl$PooledConnections [main] HHH000115: Hibernate connection pool size: 10 (min=1)
2022-12-24 18:14:44,058 INFO org.hibernate.dialect.Dialect [main] HHH000400: Using dialect: org.hibernate.dialect.PostgreSQLDialect
2022-12-24 18:14:44,938 INFO org.hibernate.engine.transaction.jta.platform.internal.JtaPlatformInitiator [main] HHH000490: Using JtaPlatform implementation: [org.hibernate.engine.transaction.jta.platform.internal.NoJtaPlatform]
2022-12-24 18:14:46,213 INFO org.apache.juli.logging.DirectJDKLog [main] Starting ProtocolHandler ["http-nio-8080"]
2022-12-24 18:14:46,253 INFO org.springframework.boot.StartupInfoLogger [main] Started MyFitApp in 6.651 seconds (JVM running for 9.731)
2022-12-24 18:15:00,151 INFO org.apache.juli.logging.DirectJDKLog [http-nio-8080-exec-1] Initializing Spring DispatcherServlet 'dispatcherServlet'
2022-12-24 18:15:03,331 WARN itacad.aliaksandrkryvapust.myfitapp.controller.filter.JwtFilter [http-nio-8080-exec-1] JWT token does not start with Bearer string
2022-12-24 18:18:02,350 WARN itacad.aliaksandrkryvapust.myfitapp.controller.filter.JwtFilter [http-nio-8080-exec-3] JWT token does not start with Bearer string
2022-12-24 18:25:09,160 ERROR itacad.aliaksandrkryvapust.myfitapp.controller.exceptions.RestExceptionHandler [http-nio-8080-exec-3] User login or password is incorrect	null
org.springframework.security.authentication.BadCredentialsException: User login or password is incorrect
2022-12-24 18:25:16,495 WARN itacad.aliaksandrkryvapust.myfitapp.controller.filter.JwtFilter [http-nio-8080-exec-4] JWT token does not start with Bearer string
2022-12-24 18:27:02,250 ERROR itacad.aliaksandrkryvapust.myfitapp.controller.exceptions.RestExceptionHandler [http-nio-8080-exec-4] User login or password is incorrect	null
org.springframework.security.authentication.BadCredentialsException: User login or password is incorrect
2022-12-24 18:27:21,819 WARN itacad.aliaksandrkryvapust.myfitapp.controller.filter.JwtFilter [http-nio-8080-exec-5] JWT token does not start with Bearer string
2022-12-24 18:34:59,394 INFO org.hibernate.engine.jdbc.connections.internal.DriverManagerConnectionProviderImpl$PoolState [SpringApplicationShutdownHook] HHH10001008: Cleaning up connection pool [jdbc:postgresql://localhost:5432/my_fit]
2022-12-24 18:42:44,144 INFO org.hibernate.validator.internal.util.Version [background-preinit] HV000001: Hibernate Validator 6.2.5.Final
2022-12-24 18:42:44,164 INFO org.springframework.boot.StartupInfoLogger [main] Starting MyFitApp using Java 11.0.16.1 on Zodiac-PC with PID 2360 (G:\Java\Beginner\MyFitApp\target\classes started by User in G:\Java\Beginner\MyFitApp)
2022-12-24 18:42:44,164 INFO org.springframework.boot.SpringApplication [main] No active profile set, falling back to 1 default profile: "default"
2022-12-24 18:42:46,324 INFO org.apache.juli.logging.DirectJDKLog [main] Initializing ProtocolHandler ["http-nio-8080"]
2022-12-24 18:42:46,324 INFO org.apache.juli.logging.DirectJDKLog [main] Starting service [Tomcat]
2022-12-24 18:42:46,324 INFO org.apache.juli.logging.DirectJDKLog [main] Starting Servlet engine: [Apache Tomcat/9.0.69]
2022-12-24 18:42:46,524 INFO org.apache.juli.logging.DirectJDKLog [main] Initializing Spring embedded WebApplicationContext
2022-12-24 18:42:46,684 INFO org.hibernate.jpa.internal.util.LogHelper [main] HHH000204: Processing PersistenceUnitInfo [name: default]
2022-12-24 18:42:46,754 INFO org.hibernate.Version [main] HHH000412: Hibernate ORM core version 5.6.14.Final
2022-12-24 18:42:46,944 INFO org.hibernate.annotations.common.reflection.java.JavaReflectionManager [main] HCANN000001: Hibernate Commons Annotations {5.1.2.Final}
2022-12-24 18:42:47,163 WARN org.hibernate.engine.jdbc.connections.internal.DriverManagerConnectionProviderImpl [main] HHH10001002: Using Hibernate built-in connection pool (not for production use!)
2022-12-24 18:42:47,163 INFO org.hibernate.engine.jdbc.connections.internal.DriverManagerConnectionProviderImpl [main] HHH10001005: using driver [org.postgresql.Driver] at URL [jdbc:postgresql://localhost:5432/my_fit]
2022-12-24 18:42:47,163 INFO org.hibernate.engine.jdbc.connections.internal.DriverManagerConnectionProviderImpl [main] HHH10001001: Connection properties: {password=****, user=postgres}
2022-12-24 18:42:47,163 INFO org.hibernate.engine.jdbc.connections.internal.DriverManagerConnectionProviderImpl [main] HHH10001003: Autocommit mode: false
2022-12-24 18:42:47,173 INFO org.hibernate.engine.jdbc.connections.internal.DriverManagerConnectionProviderImpl$PooledConnections [main] HHH000115: Hibernate connection pool size: 10 (min=1)
2022-12-24 18:42:47,333 INFO org.hibernate.dialect.Dialect [main] HHH000400: Using dialect: org.hibernate.dialect.PostgreSQLDialect
2022-12-24 18:42:48,103 INFO org.hibernate.engine.transaction.jta.platform.internal.JtaPlatformInitiator [main] HHH000490: Using JtaPlatform implementation: [org.hibernate.engine.transaction.jta.platform.internal.NoJtaPlatform]
2022-12-24 18:42:49,223 INFO org.apache.juli.logging.DirectJDKLog [main] Starting ProtocolHandler ["http-nio-8080"]
2022-12-24 18:42:49,253 INFO org.springframework.boot.StartupInfoLogger [main] Started MyFitApp in 5.793 seconds (JVM running for 8.057)
2022-12-24 18:43:20,451 INFO org.apache.juli.logging.DirectJDKLog [http-nio-8080-exec-2] Initializing Spring DispatcherServlet 'dispatcherServlet'
2022-12-24 18:43:20,484 WARN itacad.aliaksandrkryvapust.myfitapp.controller.filter.JwtFilter [http-nio-8080-exec-2] JWT token does not start with Bearer string
2022-12-24 18:43:35,520 WARN itacad.aliaksandrkryvapust.myfitapp.controller.filter.JwtFilter [http-nio-8080-exec-3] JWT token does not start with Bearer string
2022-12-24 18:43:35,975 ERROR itacad.aliaksandrkryvapust.myfitapp.controller.exceptions.RestExceptionHandler [http-nio-8080-exec-3] User login or password is incorrect	null
org.springframework.security.authentication.BadCredentialsException: User login or password is incorrect
2022-12-24 18:43:52,249 INFO org.hibernate.engine.jdbc.connections.internal.DriverManagerConnectionProviderImpl$PoolState [SpringApplicationShutdownHook] HHH10001008: Cleaning up connection pool [jdbc:postgresql://localhost:5432/my_fit]
2022-12-24 18:44:02,547 INFO org.hibernate.validator.internal.util.Version [background-preinit] HV000001: Hibernate Validator 6.2.5.Final
2022-12-24 18:44:02,567 INFO org.springframework.boot.StartupInfoLogger [main] Starting MyFitApp using Java 11.0.16.1 on Zodiac-PC with PID 19724 (G:\Java\Beginner\MyFitApp\target\classes started by User in G:\Java\Beginner\MyFitApp)
2022-12-24 18:44:02,567 INFO org.springframework.boot.SpringApplication [main] No active profile set, falling back to 1 default profile: "default"
2022-12-24 18:44:04,930 INFO org.apache.juli.logging.DirectJDKLog [main] Initializing ProtocolHandler ["http-nio-8080"]
2022-12-24 18:44:04,930 INFO org.apache.juli.logging.DirectJDKLog [main] Starting service [Tomcat]
2022-12-24 18:44:04,930 INFO org.apache.juli.logging.DirectJDKLog [main] Starting Servlet engine: [Apache Tomcat/9.0.69]
2022-12-24 18:44:05,130 INFO org.apache.juli.logging.DirectJDKLog [main] Initializing Spring embedded WebApplicationContext
2022-12-24 18:44:05,280 INFO org.hibernate.jpa.internal.util.LogHelper [main] HHH000204: Processing PersistenceUnitInfo [name: default]
2022-12-24 18:44:05,340 INFO org.hibernate.Version [main] HHH000412: Hibernate ORM core version 5.6.14.Final
2022-12-24 18:44:05,510 INFO org.hibernate.annotations.common.reflection.java.JavaReflectionManager [main] HCANN000001: Hibernate Commons Annotations {5.1.2.Final}
2022-12-24 18:44:05,730 WARN org.hibernate.engine.jdbc.connections.internal.DriverManagerConnectionProviderImpl [main] HHH10001002: Using Hibernate built-in connection pool (not for production use!)
2022-12-24 18:44:05,730 INFO org.hibernate.engine.jdbc.connections.internal.DriverManagerConnectionProviderImpl [main] HHH10001005: using driver [org.postgresql.Driver] at URL [jdbc:postgresql://localhost:5432/my_fit]
2022-12-24 18:44:05,730 INFO org.hibernate.engine.jdbc.connections.internal.DriverManagerConnectionProviderImpl [main] HHH10001001: Connection properties: {password=****, user=postgres}
2022-12-24 18:44:05,730 INFO org.hibernate.engine.jdbc.connections.internal.DriverManagerConnectionProviderImpl [main] HHH10001003: Autocommit mode: false
2022-12-24 18:44:05,740 INFO org.hibernate.engine.jdbc.connections.internal.DriverManagerConnectionProviderImpl$PooledConnections [main] HHH000115: Hibernate connection pool size: 10 (min=1)
2022-12-24 18:44:05,920 INFO org.hibernate.dialect.Dialect [main] HHH000400: Using dialect: org.hibernate.dialect.PostgreSQLDialect
2022-12-24 18:44:06,820 INFO org.hibernate.engine.transaction.jta.platform.internal.JtaPlatformInitiator [main] HHH000490: Using JtaPlatform implementation: [org.hibernate.engine.transaction.jta.platform.internal.NoJtaPlatform]
2022-12-24 18:44:08,190 INFO org.apache.juli.logging.DirectJDKLog [main] Starting ProtocolHandler ["http-nio-8080"]
2022-12-24 18:44:08,240 INFO org.springframework.boot.StartupInfoLogger [main] Started MyFitApp in 6.482 seconds (JVM running for 8.358)
2022-12-24 18:44:32,436 INFO org.apache.juli.logging.DirectJDKLog [http-nio-8080-exec-1] Initializing Spring DispatcherServlet 'dispatcherServlet'
2022-12-24 18:44:35,847 WARN itacad.aliaksandrkryvapust.myfitapp.controller.filter.JwtFilter [http-nio-8080-exec-1] JWT token does not start with Bearer string
2022-12-24 18:45:18,724 ERROR itacad.aliaksandrkryvapust.myfitapp.controller.exceptions.RestExceptionHandler [http-nio-8080-exec-1] User login or password is incorrect	null
org.springframework.security.authentication.BadCredentialsException: User login or password is incorrect
2022-12-24 18:45:19,464 INFO org.hibernate.engine.jdbc.connections.internal.DriverManagerConnectionProviderImpl$PoolState [SpringApplicationShutdownHook] HHH10001008: Cleaning up connection pool [jdbc:postgresql://localhost:5432/my_fit]
2022-12-24 19:01:06,275 INFO org.hibernate.validator.internal.util.Version [background-preinit] HV000001: Hibernate Validator 6.2.5.Final
2022-12-24 19:01:06,286 INFO org.springframework.boot.StartupInfoLogger [main] Starting MyFitApp using Java 11.0.16.1 on Zodiac-PC with PID 8700 (G:\Java\Beginner\MyFitApp\target\classes started by User in G:\Java\Beginner\MyFitApp)
2022-12-24 19:01:06,289 INFO org.springframework.boot.SpringApplication [main] No active profile set, falling back to 1 default profile: "default"
2022-12-24 19:01:08,979 INFO org.apache.juli.logging.DirectJDKLog [main] Initializing ProtocolHandler ["http-nio-8080"]
2022-12-24 19:01:08,980 INFO org.apache.juli.logging.DirectJDKLog [main] Starting service [Tomcat]
2022-12-24 19:01:08,981 INFO org.apache.juli.logging.DirectJDKLog [main] Starting Servlet engine: [Apache Tomcat/9.0.69]
2022-12-24 19:01:09,250 INFO org.apache.juli.logging.DirectJDKLog [main] Initializing Spring embedded WebApplicationContext
2022-12-24 19:01:09,413 INFO org.hibernate.jpa.internal.util.LogHelper [main] HHH000204: Processing PersistenceUnitInfo [name: default]
2022-12-24 19:01:09,491 INFO org.hibernate.Version [main] HHH000412: Hibernate ORM core version 5.6.14.Final
2022-12-24 19:01:09,679 INFO org.hibernate.annotations.common.reflection.java.JavaReflectionManager [main] HCANN000001: Hibernate Commons Annotations {5.1.2.Final}
2022-12-24 19:01:09,980 WARN org.hibernate.engine.jdbc.connections.internal.DriverManagerConnectionProviderImpl [main] HHH10001002: Using Hibernate built-in connection pool (not for production use!)
2022-12-24 19:01:09,985 INFO org.hibernate.engine.jdbc.connections.internal.DriverManagerConnectionProviderImpl [main] HHH10001005: using driver [org.postgresql.Driver] at URL [jdbc:postgresql://localhost:5432/my_fit]
2022-12-24 19:01:09,986 INFO org.hibernate.engine.jdbc.connections.internal.DriverManagerConnectionProviderImpl [main] HHH10001001: Connection properties: {password=****, user=postgres}
2022-12-24 19:01:09,987 INFO org.hibernate.engine.jdbc.connections.internal.DriverManagerConnectionProviderImpl [main] HHH10001003: Autocommit mode: false
2022-12-24 19:01:10,014 INFO org.hibernate.engine.jdbc.connections.internal.DriverManagerConnectionProviderImpl$PooledConnections [main] HHH000115: Hibernate connection pool size: 10 (min=1)
2022-12-24 19:01:10,340 INFO org.hibernate.dialect.Dialect [main] HHH000400: Using dialect: org.hibernate.dialect.PostgreSQLDialect
2022-12-24 19:01:11,231 INFO org.hibernate.engine.transaction.jta.platform.internal.JtaPlatformInitiator [main] HHH000490: Using JtaPlatform implementation: [org.hibernate.engine.transaction.jta.platform.internal.NoJtaPlatform]
2022-12-24 19:01:12,580 INFO org.apache.juli.logging.DirectJDKLog [main] Starting ProtocolHandler ["http-nio-8080"]
2022-12-24 19:01:12,616 INFO org.springframework.boot.StartupInfoLogger [main] Started MyFitApp in 7.185 seconds (JVM running for 8.744)
2022-12-24 19:01:26,647 INFO org.apache.juli.logging.DirectJDKLog [http-nio-8080-exec-1] Initializing Spring DispatcherServlet 'dispatcherServlet'
2022-12-24 19:01:26,673 WARN itacad.aliaksandrkryvapust.myfitapp.controller.filter.JwtFilter [http-nio-8080-exec-1] JWT token does not start with Bearer string
2022-12-24 19:03:44,523 WARN itacad.aliaksandrkryvapust.myfitapp.controller.filter.JwtFilter [http-nio-8080-exec-5] JWT token does not start with Bearer string
2022-12-24 19:03:45,242 ERROR itacad.aliaksandrkryvapust.myfitapp.controller.exceptions.RestExceptionHandler [http-nio-8080-exec-5] User login or password is incorrect	null
org.springframework.security.authentication.BadCredentialsException: User login or password is incorrect
2022-12-24 19:03:53,216 INFO org.hibernate.engine.jdbc.connections.internal.DriverManagerConnectionProviderImpl$PoolState [SpringApplicationShutdownHook] HHH10001008: Cleaning up connection pool [jdbc:postgresql://localhost:5432/my_fit]
2022-12-24 19:04:05,327 INFO org.hibernate.validator.internal.util.Version [background-preinit] HV000001: Hibernate Validator 6.2.5.Final
2022-12-24 19:04:05,352 INFO org.springframework.boot.StartupInfoLogger [main] Starting MyFitApp using Java 11.0.16.1 on Zodiac-PC with PID 2412 (G:\Java\Beginner\MyFitApp\target\classes started by User in G:\Java\Beginner\MyFitApp)
2022-12-24 19:04:05,355 INFO org.springframework.boot.SpringApplication [main] No active profile set, falling back to 1 default profile: "default"
2022-12-24 19:04:08,366 INFO org.apache.juli.logging.DirectJDKLog [main] Initializing ProtocolHandler ["http-nio-8080"]
2022-12-24 19:04:08,367 INFO org.apache.juli.logging.DirectJDKLog [main] Starting service [Tomcat]
2022-12-24 19:04:08,368 INFO org.apache.juli.logging.DirectJDKLog [main] Starting Servlet engine: [Apache Tomcat/9.0.69]
2022-12-24 19:04:08,540 INFO org.apache.juli.logging.DirectJDKLog [main] Initializing Spring embedded WebApplicationContext
2022-12-24 19:04:08,702 INFO org.hibernate.jpa.internal.util.LogHelper [main] HHH000204: Processing PersistenceUnitInfo [name: default]
2022-12-24 19:04:08,768 INFO org.hibernate.Version [main] HHH000412: Hibernate ORM core version 5.6.14.Final
2022-12-24 19:04:09,003 INFO org.hibernate.annotations.common.reflection.java.JavaReflectionManager [main] HCANN000001: Hibernate Commons Annotations {5.1.2.Final}
2022-12-24 19:04:09,301 WARN org.hibernate.engine.jdbc.connections.internal.DriverManagerConnectionProviderImpl [main] HHH10001002: Using Hibernate built-in connection pool (not for production use!)
2022-12-24 19:04:09,305 INFO org.hibernate.engine.jdbc.connections.internal.DriverManagerConnectionProviderImpl [main] HHH10001005: using driver [org.postgresql.Driver] at URL [jdbc:postgresql://localhost:5432/my_fit]
2022-12-24 19:04:09,306 INFO org.hibernate.engine.jdbc.connections.internal.DriverManagerConnectionProviderImpl [main] HHH10001001: Connection properties: {password=****, user=postgres}
2022-12-24 19:04:09,306 INFO org.hibernate.engine.jdbc.connections.internal.DriverManagerConnectionProviderImpl [main] HHH10001003: Autocommit mode: false
2022-12-24 19:04:09,310 INFO org.hibernate.engine.jdbc.connections.internal.DriverManagerConnectionProviderImpl$PooledConnections [main] HHH000115: Hibernate connection pool size: 10 (min=1)
2022-12-24 19:04:09,565 INFO org.hibernate.dialect.Dialect [main] HHH000400: Using dialect: org.hibernate.dialect.PostgreSQLDialect
2022-12-24 19:04:10,597 INFO org.hibernate.engine.transaction.jta.platform.internal.JtaPlatformInitiator [main] HHH000490: Using JtaPlatform implementation: [org.hibernate.engine.transaction.jta.platform.internal.NoJtaPlatform]
2022-12-24 19:04:12,078 INFO org.apache.juli.logging.DirectJDKLog [main] Starting ProtocolHandler ["http-nio-8080"]
2022-12-24 19:04:12,122 INFO org.springframework.boot.StartupInfoLogger [main] Started MyFitApp in 7.755 seconds (JVM running for 10.196)
2022-12-24 19:04:43,186 INFO org.apache.juli.logging.DirectJDKLog [http-nio-8080-exec-1] Initializing Spring DispatcherServlet 'dispatcherServlet'
2022-12-24 19:04:50,103 WARN itacad.aliaksandrkryvapust.myfitapp.controller.filter.JwtFilter [http-nio-8080-exec-1] JWT token does not start with Bearer string
2022-12-24 19:12:33,612 INFO org.hibernate.validator.internal.util.Version [background-preinit] HV000001: Hibernate Validator 6.2.5.Final
2022-12-24 19:12:33,632 INFO org.springframework.boot.StartupInfoLogger [main] Starting MyFitApp using Java 11.0.16.1 on Zodiac-PC with PID 11532 (G:\Java\Beginner\MyFitApp\target\classes started by User in G:\Java\Beginner\MyFitApp)
2022-12-24 19:12:33,632 INFO org.springframework.boot.SpringApplication [main] No active profile set, falling back to 1 default profile: "default"
2022-12-24 19:12:36,503 INFO org.apache.juli.logging.DirectJDKLog [main] Initializing ProtocolHandler ["http-nio-8080"]
2022-12-24 19:12:36,503 INFO org.apache.juli.logging.DirectJDKLog [main] Starting service [Tomcat]
2022-12-24 19:12:36,503 INFO org.apache.juli.logging.DirectJDKLog [main] Starting Servlet engine: [Apache Tomcat/9.0.69]
2022-12-24 19:12:36,743 INFO org.apache.juli.logging.DirectJDKLog [main] Initializing Spring embedded WebApplicationContext
2022-12-24 19:12:36,953 INFO org.hibernate.jpa.internal.util.LogHelper [main] HHH000204: Processing PersistenceUnitInfo [name: default]
2022-12-24 19:12:37,063 INFO org.hibernate.Version [main] HHH000412: Hibernate ORM core version 5.6.14.Final
2022-12-24 19:12:37,353 INFO org.hibernate.annotations.common.reflection.java.JavaReflectionManager [main] HCANN000001: Hibernate Commons Annotations {5.1.2.Final}
2022-12-24 19:12:37,773 WARN org.hibernate.engine.jdbc.connections.internal.DriverManagerConnectionProviderImpl [main] HHH10001002: Using Hibernate built-in connection pool (not for production use!)
2022-12-24 19:12:37,783 INFO org.hibernate.engine.jdbc.connections.internal.DriverManagerConnectionProviderImpl [main] HHH10001005: using driver [org.postgresql.Driver] at URL [jdbc:postgresql://localhost:5432/my_fit]
2022-12-24 19:12:37,783 INFO org.hibernate.engine.jdbc.connections.internal.DriverManagerConnectionProviderImpl [main] HHH10001001: Connection properties: {password=****, user=postgres}
2022-12-24 19:12:37,783 INFO org.hibernate.engine.jdbc.connections.internal.DriverManagerConnectionProviderImpl [main] HHH10001003: Autocommit mode: false
2022-12-24 19:12:37,793 INFO org.hibernate.engine.jdbc.connections.internal.DriverManagerConnectionProviderImpl$PooledConnections [main] HHH000115: Hibernate connection pool size: 10 (min=1)
2022-12-24 19:12:38,093 INFO org.hibernate.dialect.Dialect [main] HHH000400: Using dialect: org.hibernate.dialect.PostgreSQLDialect
2022-12-24 19:12:39,461 INFO org.hibernate.engine.transaction.jta.platform.internal.JtaPlatformInitiator [main] HHH000490: Using JtaPlatform implementation: [org.hibernate.engine.transaction.jta.platform.internal.NoJtaPlatform]
2022-12-24 19:12:40,914 INFO org.apache.juli.logging.DirectJDKLog [main] Starting ProtocolHandler ["http-nio-8080"]
2022-12-24 19:12:40,954 INFO org.springframework.boot.StartupInfoLogger [main] Started MyFitApp in 8.275 seconds (JVM running for 11.501)
2022-12-24 19:12:56,017 INFO org.apache.juli.logging.DirectJDKLog [http-nio-8080-exec-2] Initializing Spring DispatcherServlet 'dispatcherServlet'
2022-12-24 19:12:58,896 WARN itacad.aliaksandrkryvapust.myfitapp.controller.filter.JwtFilter [http-nio-8080-exec-2] JWT token does not start with Bearer string
2022-12-24 19:16:36,749 ERROR itacad.aliaksandrkryvapust.myfitapp.controller.exceptions.RestExceptionHandler [http-nio-8080-exec-2] User login or password is incorrect	null
org.springframework.security.authentication.BadCredentialsException: User login or password is incorrect
2022-12-24 19:16:37,792 INFO org.hibernate.engine.jdbc.connections.internal.DriverManagerConnectionProviderImpl$PoolState [SpringApplicationShutdownHook] HHH10001008: Cleaning up connection pool [jdbc:postgresql://localhost:5432/my_fit]
2022-12-24 21:21:02,002 INFO org.hibernate.validator.internal.util.Version [background-preinit] HV000001: Hibernate Validator 6.2.5.Final
2022-12-24 21:21:02,032 INFO org.springframework.boot.StartupInfoLogger [main] Starting MyFitApp using Java 11.0.16.1 on Zodiac-PC with PID 18476 (G:\Java\MyFitApp_main\target\classes started by User in G:\Java\MyFitApp_main)
2022-12-24 21:21:02,032 INFO org.springframework.boot.SpringApplication [main] No active profile set, falling back to 1 default profile: "default"
2022-12-24 21:21:03,839 INFO org.apache.juli.logging.DirectJDKLog [main] Initializing ProtocolHandler ["http-nio-8080"]
2022-12-24 21:21:03,839 INFO org.apache.juli.logging.DirectJDKLog [main] Starting service [Tomcat]
2022-12-24 21:21:03,839 INFO org.apache.juli.logging.DirectJDKLog [main] Starting Servlet engine: [Apache Tomcat/9.0.69]
2022-12-24 21:21:03,999 INFO org.apache.juli.logging.DirectJDKLog [main] Initializing Spring embedded WebApplicationContext
2022-12-24 21:21:04,109 INFO org.hibernate.jpa.internal.util.LogHelper [main] HHH000204: Processing PersistenceUnitInfo [name: default]
2022-12-24 21:21:04,159 INFO org.hibernate.Version [main] HHH000412: Hibernate ORM core version 5.6.14.Final
2022-12-24 21:21:04,309 INFO org.hibernate.annotations.common.reflection.java.JavaReflectionManager [main] HCANN000001: Hibernate Commons Annotations {5.1.2.Final}
2022-12-24 21:21:04,558 WARN org.hibernate.engine.jdbc.connections.internal.DriverManagerConnectionProviderImpl [main] HHH10001002: Using Hibernate built-in connection pool (not for production use!)
2022-12-24 21:21:04,568 INFO org.hibernate.engine.jdbc.connections.internal.DriverManagerConnectionProviderImpl [main] HHH10001005: using driver [org.postgresql.Driver] at URL [jdbc:postgresql://localhost:5432/my_fit]
2022-12-24 21:21:04,568 INFO org.hibernate.engine.jdbc.connections.internal.DriverManagerConnectionProviderImpl [main] HHH10001001: Connection properties: {password=****, user=postgres}
2022-12-24 21:21:04,568 INFO org.hibernate.engine.jdbc.connections.internal.DriverManagerConnectionProviderImpl [main] HHH10001003: Autocommit mode: false
2022-12-24 21:21:04,568 INFO org.hibernate.engine.jdbc.connections.internal.DriverManagerConnectionProviderImpl$PooledConnections [main] HHH000115: Hibernate connection pool size: 10 (min=1)
2022-12-24 21:21:04,778 INFO org.hibernate.dialect.Dialect [main] HHH000400: Using dialect: org.hibernate.dialect.PostgreSQLDialect
2022-12-24 21:21:05,529 INFO org.hibernate.engine.transaction.jta.platform.internal.JtaPlatformInitiator [main] HHH000490: Using JtaPlatform implementation: [org.hibernate.engine.transaction.jta.platform.internal.NoJtaPlatform]
2022-12-24 21:21:06,673 INFO org.apache.juli.logging.DirectJDKLog [main] Starting ProtocolHandler ["http-nio-8080"]
2022-12-24 21:21:06,713 INFO org.springframework.boot.StartupInfoLogger [main] Started MyFitApp in 5.554 seconds (JVM running for 7.032)
2022-12-24 21:22:52,527 INFO org.apache.juli.logging.DirectJDKLog [http-nio-8080-exec-1] Initializing Spring DispatcherServlet 'dispatcherServlet'
2022-12-24 21:22:52,560 WARN itacad.aliaksandrkryvapust.myfitapp.controller.filter.JwtFilter [http-nio-8080-exec-1] JWT token does not start with Bearer string
2022-12-24 21:36:10,996 INFO org.hibernate.engine.jdbc.connections.internal.DriverManagerConnectionProviderImpl$PoolState [SpringApplicationShutdownHook] HHH10001008: Cleaning up connection pool [jdbc:postgresql://localhost:5432/my_fit]
2022-12-24 22:38:20,304 INFO org.hibernate.validator.internal.util.Version [background-preinit] HV000001: Hibernate Validator 6.2.5.Final
2022-12-24 22:38:20,326 INFO org.springframework.boot.StartupInfoLogger [main] Starting MyFitApp using Java 11.0.16.1 on Zodiac-PC with PID 16272 (G:\Java\MyFitApp_main\target\classes started by User in G:\Java\MyFitApp_main)
2022-12-24 22:38:20,328 INFO org.springframework.boot.SpringApplication [main] No active profile set, falling back to 1 default profile: "default"
2022-12-24 22:38:22,375 INFO org.apache.juli.logging.DirectJDKLog [main] Initializing ProtocolHandler ["http-nio-8080"]
2022-12-24 22:38:22,376 INFO org.apache.juli.logging.DirectJDKLog [main] Starting service [Tomcat]
2022-12-24 22:38:22,377 INFO org.apache.juli.logging.DirectJDKLog [main] Starting Servlet engine: [Apache Tomcat/9.0.69]
2022-12-24 22:38:22,526 INFO org.apache.juli.logging.DirectJDKLog [main] Initializing Spring embedded WebApplicationContext
2022-12-24 22:38:22,643 INFO org.hibernate.jpa.internal.util.LogHelper [main] HHH000204: Processing PersistenceUnitInfo [name: default]
2022-12-24 22:38:22,709 INFO org.hibernate.Version [main] HHH000412: Hibernate ORM core version 5.6.14.Final
2022-12-24 22:38:22,878 INFO org.hibernate.annotations.common.reflection.java.JavaReflectionManager [main] HCANN000001: Hibernate Commons Annotations {5.1.2.Final}
2022-12-24 22:38:23,091 WARN org.hibernate.engine.jdbc.connections.internal.DriverManagerConnectionProviderImpl [main] HHH10001002: Using Hibernate built-in connection pool (not for production use!)
2022-12-24 22:38:23,096 INFO org.hibernate.engine.jdbc.connections.internal.DriverManagerConnectionProviderImpl [main] HHH10001005: using driver [org.postgresql.Driver] at URL [jdbc:postgresql://localhost:5432/my_fit]
2022-12-24 22:38:23,097 INFO org.hibernate.engine.jdbc.connections.internal.DriverManagerConnectionProviderImpl [main] HHH10001001: Connection properties: {password=****, user=postgres}
2022-12-24 22:38:23,098 INFO org.hibernate.engine.jdbc.connections.internal.DriverManagerConnectionProviderImpl [main] HHH10001003: Autocommit mode: false
2022-12-24 22:38:23,102 INFO org.hibernate.engine.jdbc.connections.internal.DriverManagerConnectionProviderImpl$PooledConnections [main] HHH000115: Hibernate connection pool size: 10 (min=1)
2022-12-24 22:38:23,285 INFO org.hibernate.dialect.Dialect [main] HHH000400: Using dialect: org.hibernate.dialect.PostgreSQLDialect
2022-12-24 22:38:24,070 INFO org.hibernate.engine.transaction.jta.platform.internal.JtaPlatformInitiator [main] HHH000490: Using JtaPlatform implementation: [org.hibernate.engine.transaction.jta.platform.internal.NoJtaPlatform]
2022-12-24 22:38:25,282 INFO org.apache.juli.logging.DirectJDKLog [main] Starting ProtocolHandler ["http-nio-8080"]
2022-12-24 22:38:25,323 INFO org.springframework.boot.StartupInfoLogger [main] Started MyFitApp in 5.842 seconds (JVM running for 8.849)
2022-12-24 22:38:43,342 INFO org.apache.juli.logging.DirectJDKLog [http-nio-8080-exec-1] Initializing Spring DispatcherServlet 'dispatcherServlet'
2022-12-24 22:38:43,376 WARN itacad.aliaksandrkryvapust.myfitapp.controller.filter.JwtFilter [http-nio-8080-exec-1] JWT token does not start with Bearer string
2022-12-24 22:38:43,990 ERROR itacad.aliaksandrkryvapust.myfitapp.controller.exceptions.RestExceptionHandler [http-nio-8080-exec-1] Bad credentials	null
org.springframework.security.authentication.BadCredentialsException: Bad credentials
2022-12-24 22:39:25,506 INFO org.hibernate.engine.jdbc.connections.internal.DriverManagerConnectionProviderImpl$PoolState [SpringApplicationShutdownHook] HHH10001008: Cleaning up connection pool [jdbc:postgresql://localhost:5432/my_fit]
2022-12-24 22:39:39,028 INFO org.hibernate.validator.internal.util.Version [background-preinit] HV000001: Hibernate Validator 6.2.5.Final
2022-12-24 22:39:39,051 INFO org.springframework.boot.StartupInfoLogger [main] Starting MyFitApp using Java 11.0.16.1 on Zodiac-PC with PID 19860 (G:\Java\MyFitApp_main\target\classes started by User in G:\Java\MyFitApp_main)
2022-12-24 22:39:39,053 INFO org.springframework.boot.SpringApplication [main] No active profile set, falling back to 1 default profile: "default"
2022-12-24 22:39:41,777 INFO org.apache.juli.logging.DirectJDKLog [main] Initializing ProtocolHandler ["http-nio-8080"]
2022-12-24 22:39:41,778 INFO org.apache.juli.logging.DirectJDKLog [main] Starting service [Tomcat]
2022-12-24 22:39:41,779 INFO org.apache.juli.logging.DirectJDKLog [main] Starting Servlet engine: [Apache Tomcat/9.0.69]
2022-12-24 22:39:42,019 INFO org.apache.juli.logging.DirectJDKLog [main] Initializing Spring embedded WebApplicationContext
2022-12-24 22:39:42,212 INFO org.hibernate.jpa.internal.util.LogHelper [main] HHH000204: Processing PersistenceUnitInfo [name: default]
2022-12-24 22:39:42,312 INFO org.hibernate.Version [main] HHH000412: Hibernate ORM core version 5.6.14.Final
2022-12-24 22:39:42,584 INFO org.hibernate.annotations.common.reflection.java.JavaReflectionManager [main] HCANN000001: Hibernate Commons Annotations {5.1.2.Final}
2022-12-24 22:39:42,905 WARN org.hibernate.engine.jdbc.connections.internal.DriverManagerConnectionProviderImpl [main] HHH10001002: Using Hibernate built-in connection pool (not for production use!)
2022-12-24 22:39:42,910 INFO org.hibernate.engine.jdbc.connections.internal.DriverManagerConnectionProviderImpl [main] HHH10001005: using driver [org.postgresql.Driver] at URL [jdbc:postgresql://localhost:5432/my_fit]
2022-12-24 22:39:42,911 INFO org.hibernate.engine.jdbc.connections.internal.DriverManagerConnectionProviderImpl [main] HHH10001001: Connection properties: {password=****, user=postgres}
2022-12-24 22:39:42,912 INFO org.hibernate.engine.jdbc.connections.internal.DriverManagerConnectionProviderImpl [main] HHH10001003: Autocommit mode: false
2022-12-24 22:39:42,919 INFO org.hibernate.engine.jdbc.connections.internal.DriverManagerConnectionProviderImpl$PooledConnections [main] HHH000115: Hibernate connection pool size: 10 (min=1)
2022-12-24 22:39:43,219 INFO org.hibernate.dialect.Dialect [main] HHH000400: Using dialect: org.hibernate.dialect.PostgreSQLDialect
2022-12-24 22:39:44,223 INFO org.hibernate.engine.transaction.jta.platform.internal.JtaPlatformInitiator [main] HHH000490: Using JtaPlatform implementation: [org.hibernate.engine.transaction.jta.platform.internal.NoJtaPlatform]
2022-12-24 22:39:45,738 INFO org.apache.juli.logging.DirectJDKLog [main] Starting ProtocolHandler ["http-nio-8080"]
2022-12-24 22:39:45,796 INFO org.springframework.boot.StartupInfoLogger [main] Started MyFitApp in 7.703 seconds (JVM running for 10.182)
2022-12-24 22:40:12,509 INFO org.apache.juli.logging.DirectJDKLog [http-nio-8080-exec-1] Initializing Spring DispatcherServlet 'dispatcherServlet'
2022-12-24 22:40:12,573 WARN itacad.aliaksandrkryvapust.myfitapp.controller.filter.JwtFilter [http-nio-8080-exec-1] JWT token does not start with Bearer string
2022-12-24 22:41:39,176 ERROR itacad.aliaksandrkryvapust.myfitapp.controller.exceptions.RestExceptionHandler [http-nio-8080-exec-1] Bad credentials	null
org.springframework.security.authentication.BadCredentialsException: Bad credentials
2022-12-24 22:41:40,080 INFO org.hibernate.engine.jdbc.connections.internal.DriverManagerConnectionProviderImpl$PoolState [SpringApplicationShutdownHook] HHH10001008: Cleaning up connection pool [jdbc:postgresql://localhost:5432/my_fit]
2022-12-24 22:43:12,944 INFO org.hibernate.validator.internal.util.Version [background-preinit] HV000001: Hibernate Validator 6.2.5.Final
2022-12-24 22:43:12,963 INFO org.springframework.boot.StartupInfoLogger [main] Starting MyFitApp using Java 11.0.16.1 on Zodiac-PC with PID 17396 (G:\Java\MyFitApp_main\target\classes started by User in G:\Java\MyFitApp_main)
2022-12-24 22:43:12,965 INFO org.springframework.boot.SpringApplication [main] No active profile set, falling back to 1 default profile: "default"
2022-12-24 22:43:15,162 INFO org.apache.juli.logging.DirectJDKLog [main] Initializing ProtocolHandler ["http-nio-8080"]
2022-12-24 22:43:15,164 INFO org.apache.juli.logging.DirectJDKLog [main] Starting service [Tomcat]
2022-12-24 22:43:15,164 INFO org.apache.juli.logging.DirectJDKLog [main] Starting Servlet engine: [Apache Tomcat/9.0.69]
2022-12-24 22:43:15,411 INFO org.apache.juli.logging.DirectJDKLog [main] Initializing Spring embedded WebApplicationContext
2022-12-24 22:43:15,571 INFO org.hibernate.jpa.internal.util.LogHelper [main] HHH000204: Processing PersistenceUnitInfo [name: default]
2022-12-24 22:43:15,659 INFO org.hibernate.Version [main] HHH000412: Hibernate ORM core version 5.6.14.Final
2022-12-24 22:43:15,899 INFO org.hibernate.annotations.common.reflection.java.JavaReflectionManager [main] HCANN000001: Hibernate Commons Annotations {5.1.2.Final}
2022-12-24 22:43:16,186 WARN org.hibernate.engine.jdbc.connections.internal.DriverManagerConnectionProviderImpl [main] HHH10001002: Using Hibernate built-in connection pool (not for production use!)
2022-12-24 22:43:16,189 INFO org.hibernate.engine.jdbc.connections.internal.DriverManagerConnectionProviderImpl [main] HHH10001005: using driver [org.postgresql.Driver] at URL [jdbc:postgresql://localhost:5432/my_fit]
2022-12-24 22:43:16,191 INFO org.hibernate.engine.jdbc.connections.internal.DriverManagerConnectionProviderImpl [main] HHH10001001: Connection properties: {password=****, user=postgres}
2022-12-24 22:43:16,191 INFO org.hibernate.engine.jdbc.connections.internal.DriverManagerConnectionProviderImpl [main] HHH10001003: Autocommit mode: false
2022-12-24 22:43:16,196 INFO org.hibernate.engine.jdbc.connections.internal.DriverManagerConnectionProviderImpl$PooledConnections [main] HHH000115: Hibernate connection pool size: 10 (min=1)
2022-12-24 22:43:16,414 INFO org.hibernate.dialect.Dialect [main] HHH000400: Using dialect: org.hibernate.dialect.PostgreSQLDialect
2022-12-24 22:43:17,179 INFO org.hibernate.engine.transaction.jta.platform.internal.JtaPlatformInitiator [main] HHH000490: Using JtaPlatform implementation: [org.hibernate.engine.transaction.jta.platform.internal.NoJtaPlatform]
2022-12-24 22:43:18,264 INFO org.apache.juli.logging.DirectJDKLog [main] Starting ProtocolHandler ["http-nio-8080"]
2022-12-24 22:43:18,298 INFO org.springframework.boot.StartupInfoLogger [main] Started MyFitApp in 6.069 seconds (JVM running for 8.489)
2022-12-24 22:45:45,702 INFO org.apache.juli.logging.DirectJDKLog [http-nio-8080-exec-1] Initializing Spring DispatcherServlet 'dispatcherServlet'
2022-12-24 22:45:45,738 WARN itacad.aliaksandrkryvapust.myfitapp.controller.filter.JwtFilter [http-nio-8080-exec-1] JWT token does not start with Bearer string
2022-12-24 22:45:46,419 ERROR itacad.aliaksandrkryvapust.myfitapp.controller.exceptions.RestExceptionHandler [http-nio-8080-exec-1] Bad credentials	null
org.springframework.security.authentication.BadCredentialsException: Bad credentials
2022-12-24 22:45:53,307 INFO org.hibernate.engine.jdbc.connections.internal.DriverManagerConnectionProviderImpl$PoolState [SpringApplicationShutdownHook] HHH10001008: Cleaning up connection pool [jdbc:postgresql://localhost:5432/my_fit]
2022-12-24 22:46:03,758 INFO org.hibernate.validator.internal.util.Version [background-preinit] HV000001: Hibernate Validator 6.2.5.Final
2022-12-24 22:46:03,769 INFO org.springframework.boot.StartupInfoLogger [main] Starting MyFitApp using Java 11.0.16.1 on Zodiac-PC with PID 19076 (G:\Java\MyFitApp_main\target\classes started by User in G:\Java\MyFitApp_main)
2022-12-24 22:46:03,772 INFO org.springframework.boot.SpringApplication [main] No active profile set, falling back to 1 default profile: "default"
2022-12-24 22:46:06,738 INFO org.apache.juli.logging.DirectJDKLog [main] Initializing ProtocolHandler ["http-nio-8080"]
2022-12-24 22:46:06,739 INFO org.apache.juli.logging.DirectJDKLog [main] Starting service [Tomcat]
2022-12-24 22:46:06,739 INFO org.apache.juli.logging.DirectJDKLog [main] Starting Servlet engine: [Apache Tomcat/9.0.69]
2022-12-24 22:46:06,988 INFO org.apache.juli.logging.DirectJDKLog [main] Initializing Spring embedded WebApplicationContext
2022-12-24 22:46:07,155 INFO org.hibernate.jpa.internal.util.LogHelper [main] HHH000204: Processing PersistenceUnitInfo [name: default]
2022-12-24 22:46:07,240 INFO org.hibernate.Version [main] HHH000412: Hibernate ORM core version 5.6.14.Final
2022-12-24 22:46:07,439 INFO org.hibernate.annotations.common.reflection.java.JavaReflectionManager [main] HCANN000001: Hibernate Commons Annotations {5.1.2.Final}
2022-12-24 22:46:07,661 WARN org.hibernate.engine.jdbc.connections.internal.DriverManagerConnectionProviderImpl [main] HHH10001002: Using Hibernate built-in connection pool (not for production use!)
2022-12-24 22:46:07,666 INFO org.hibernate.engine.jdbc.connections.internal.DriverManagerConnectionProviderImpl [main] HHH10001005: using driver [org.postgresql.Driver] at URL [jdbc:postgresql://localhost:5432/my_fit]
2022-12-24 22:46:07,668 INFO org.hibernate.engine.jdbc.connections.internal.DriverManagerConnectionProviderImpl [main] HHH10001001: Connection properties: {password=****, user=postgres}
2022-12-24 22:46:07,669 INFO org.hibernate.engine.jdbc.connections.internal.DriverManagerConnectionProviderImpl [main] HHH10001003: Autocommit mode: false
2022-12-24 22:46:07,673 INFO org.hibernate.engine.jdbc.connections.internal.DriverManagerConnectionProviderImpl$PooledConnections [main] HHH000115: Hibernate connection pool size: 10 (min=1)
2022-12-24 22:46:08,100 INFO org.hibernate.dialect.Dialect [main] HHH000400: Using dialect: org.hibernate.dialect.PostgreSQLDialect
2022-12-24 22:46:09,085 INFO org.hibernate.engine.transaction.jta.platform.internal.JtaPlatformInitiator [main] HHH000490: Using JtaPlatform implementation: [org.hibernate.engine.transaction.jta.platform.internal.NoJtaPlatform]
2022-12-24 22:46:10,391 INFO org.apache.juli.logging.DirectJDKLog [main] Starting ProtocolHandler ["http-nio-8080"]
2022-12-24 22:46:10,436 INFO org.springframework.boot.StartupInfoLogger [main] Started MyFitApp in 8.389 seconds (JVM running for 11.355)
2022-12-24 22:46:42,894 INFO org.apache.juli.logging.DirectJDKLog [http-nio-8080-exec-1] Initializing Spring DispatcherServlet 'dispatcherServlet'
2022-12-24 22:46:42,984 WARN itacad.aliaksandrkryvapust.myfitapp.controller.filter.JwtFilter [http-nio-8080-exec-1] JWT token does not start with Bearer string
2022-12-24 22:49:38,015 ERROR itacad.aliaksandrkryvapust.myfitapp.controller.exceptions.RestExceptionHandler [http-nio-8080-exec-1] Bad credentials	null
org.springframework.security.authentication.BadCredentialsException: Bad credentials
2022-12-24 22:49:40,101 INFO org.hibernate.engine.jdbc.connections.internal.DriverManagerConnectionProviderImpl$PoolState [SpringApplicationShutdownHook] HHH10001008: Cleaning up connection pool [jdbc:postgresql://localhost:5432/my_fit]
2022-12-24 22:51:06,214 INFO org.hibernate.validator.internal.util.Version [background-preinit] HV000001: Hibernate Validator 6.2.5.Final
2022-12-24 22:51:06,230 INFO org.springframework.boot.StartupInfoLogger [main] Starting MyFitApp using Java 11.0.16.1 on Zodiac-PC with PID 5288 (G:\Java\MyFitApp_main\target\classes started by User in G:\Java\MyFitApp_main)
2022-12-24 22:51:06,233 INFO org.springframework.boot.SpringApplication [main] No active profile set, falling back to 1 default profile: "default"
2022-12-24 22:51:08,299 INFO org.apache.juli.logging.DirectJDKLog [main] Initializing ProtocolHandler ["http-nio-8080"]
2022-12-24 22:51:08,300 INFO org.apache.juli.logging.DirectJDKLog [main] Starting service [Tomcat]
2022-12-24 22:51:08,301 INFO org.apache.juli.logging.DirectJDKLog [main] Starting Servlet engine: [Apache Tomcat/9.0.69]
2022-12-24 22:51:08,478 INFO org.apache.juli.logging.DirectJDKLog [main] Initializing Spring embedded WebApplicationContext
2022-12-24 22:51:08,590 INFO org.hibernate.jpa.internal.util.LogHelper [main] HHH000204: Processing PersistenceUnitInfo [name: default]
2022-12-24 22:51:08,673 INFO org.hibernate.Version [main] HHH000412: Hibernate ORM core version 5.6.14.Final
2022-12-24 22:51:08,855 INFO org.hibernate.annotations.common.reflection.java.JavaReflectionManager [main] HCANN000001: Hibernate Commons Annotations {5.1.2.Final}
2022-12-24 22:51:09,065 WARN org.hibernate.engine.jdbc.connections.internal.DriverManagerConnectionProviderImpl [main] HHH10001002: Using Hibernate built-in connection pool (not for production use!)
2022-12-24 22:51:09,069 INFO org.hibernate.engine.jdbc.connections.internal.DriverManagerConnectionProviderImpl [main] HHH10001005: using driver [org.postgresql.Driver] at URL [jdbc:postgresql://localhost:5432/my_fit]
2022-12-24 22:51:09,071 INFO org.hibernate.engine.jdbc.connections.internal.DriverManagerConnectionProviderImpl [main] HHH10001001: Connection properties: {password=****, user=postgres}
2022-12-24 22:51:09,071 INFO org.hibernate.engine.jdbc.connections.internal.DriverManagerConnectionProviderImpl [main] HHH10001003: Autocommit mode: false
2022-12-24 22:51:09,075 INFO org.hibernate.engine.jdbc.connections.internal.DriverManagerConnectionProviderImpl$PooledConnections [main] HHH000115: Hibernate connection pool size: 10 (min=1)
2022-12-24 22:51:09,386 INFO org.hibernate.dialect.Dialect [main] HHH000400: Using dialect: org.hibernate.dialect.PostgreSQLDialect
2022-12-24 22:51:10,208 INFO org.hibernate.engine.transaction.jta.platform.internal.JtaPlatformInitiator [main] HHH000490: Using JtaPlatform implementation: [org.hibernate.engine.transaction.jta.platform.internal.NoJtaPlatform]
2022-12-24 22:51:11,334 INFO org.apache.juli.logging.DirectJDKLog [main] Starting ProtocolHandler ["http-nio-8080"]
2022-12-24 22:51:11,369 INFO org.springframework.boot.StartupInfoLogger [main] Started MyFitApp in 5.893 seconds (JVM running for 8.693)
2022-12-24 22:51:25,918 INFO org.apache.juli.logging.DirectJDKLog [http-nio-8080-exec-2] Initializing Spring DispatcherServlet 'dispatcherServlet'
2022-12-24 22:51:25,945 WARN itacad.aliaksandrkryvapust.myfitapp.controller.filter.JwtFilter [http-nio-8080-exec-2] JWT token does not start with Bearer string
2022-12-24 22:52:04,877 ERROR org.apache.juli.logging.DirectJDKLog [http-nio-8080-exec-3] Servlet.service() for servlet [dispatcherServlet] in context with path [] threw exception
io.jsonwebtoken.security.SignatureException: JWT signature does not match locally computed signature. JWT validity cannot be asserted and should not be trusted.
	at io.jsonwebtoken.impl.DefaultJwtParser.parse(DefaultJwtParser.java:399)
	at io.jsonwebtoken.impl.DefaultJwtParser.parse(DefaultJwtParser.java:529)
	at io.jsonwebtoken.impl.DefaultJwtParser.parseClaimsJws(DefaultJwtParser.java:589)
	at io.jsonwebtoken.impl.ImmutableJwtParser.parseClaimsJws(ImmutableJwtParser.java:173)
	at itacad.aliaksandrkryvapust.myfitapp.controller.utils.JwtTokenUtil.getAllClaims(JwtTokenUtil.java:36)
	at itacad.aliaksandrkryvapust.myfitapp.controller.utils.JwtTokenUtil.getClaim(JwtTokenUtil.java:30)
	at itacad.aliaksandrkryvapust.myfitapp.controller.utils.JwtTokenUtil.getUsername(JwtTokenUtil.java:22)
	at itacad.aliaksandrkryvapust.myfitapp.controller.filter.JwtFilter.doFilterInternal(JwtFilter.java:44)
	at org.springframework.web.filter.OncePerRequestFilter.doFilter(OncePerRequestFilter.java:117)
	at org.springframework.security.web.FilterChainProxy$VirtualFilterChain.doFilter(FilterChainProxy.java:346)
	at org.springframework.security.web.authentication.logout.LogoutFilter.doFilter(LogoutFilter.java:103)
	at org.springframework.security.web.authentication.logout.LogoutFilter.doFilter(LogoutFilter.java:89)
	at org.springframework.security.web.FilterChainProxy$VirtualFilterChain.doFilter(FilterChainProxy.java:346)
	at org.springframework.web.filter.CorsFilter.doFilterInternal(CorsFilter.java:91)
	at org.springframework.web.filter.OncePerRequestFilter.doFilter(OncePerRequestFilter.java:117)
	at org.springframework.security.web.FilterChainProxy$VirtualFilterChain.doFilter(FilterChainProxy.java:346)
	at org.springframework.security.web.header.HeaderWriterFilter.doHeadersAfter(HeaderWriterFilter.java:90)
	at org.springframework.security.web.header.HeaderWriterFilter.doFilterInternal(HeaderWriterFilter.java:75)
	at org.springframework.web.filter.OncePerRequestFilter.doFilter(OncePerRequestFilter.java:117)
	at org.springframework.security.web.FilterChainProxy$VirtualFilterChain.doFilter(FilterChainProxy.java:346)
	at org.springframework.security.web.context.SecurityContextPersistenceFilter.doFilter(SecurityContextPersistenceFilter.java:112)
	at org.springframework.security.web.context.SecurityContextPersistenceFilter.doFilter(SecurityContextPersistenceFilter.java:82)
	at org.springframework.security.web.FilterChainProxy$VirtualFilterChain.doFilter(FilterChainProxy.java:346)
	at org.springframework.security.web.context.request.async.WebAsyncManagerIntegrationFilter.doFilterInternal(WebAsyncManagerIntegrationFilter.java:55)
	at org.springframework.web.filter.OncePerRequestFilter.doFilter(OncePerRequestFilter.java:117)
	at org.springframework.security.web.FilterChainProxy$VirtualFilterChain.doFilter(FilterChainProxy.java:346)
	at org.springframework.security.web.session.DisableEncodeUrlFilter.doFilterInternal(DisableEncodeUrlFilter.java:42)
	at org.springframework.web.filter.OncePerRequestFilter.doFilter(OncePerRequestFilter.java:117)
	at org.springframework.security.web.FilterChainProxy$VirtualFilterChain.doFilter(FilterChainProxy.java:346)
	at org.springframework.security.web.FilterChainProxy.doFilterInternal(FilterChainProxy.java:221)
	at org.springframework.security.web.FilterChainProxy.doFilter(FilterChainProxy.java:186)
	at org.springframework.web.filter.DelegatingFilterProxy.invokeDelegate(DelegatingFilterProxy.java:354)
	at org.springframework.web.filter.DelegatingFilterProxy.doFilter(DelegatingFilterProxy.java:267)
	at org.apache.catalina.core.ApplicationFilterChain.internalDoFilter(ApplicationFilterChain.java:189)
	at org.apache.catalina.core.ApplicationFilterChain.doFilter(ApplicationFilterChain.java:162)
	at org.springframework.web.filter.CharacterEncodingFilter.doFilterInternal(CharacterEncodingFilter.java:201)
	at org.springframework.web.filter.OncePerRequestFilter.doFilter(OncePerRequestFilter.java:117)
	at org.apache.catalina.core.ApplicationFilterChain.internalDoFilter(ApplicationFilterChain.java:189)
	at org.apache.catalina.core.ApplicationFilterChain.doFilter(ApplicationFilterChain.java:162)
	at org.apache.catalina.core.StandardWrapperValve.invoke(StandardWrapperValve.java:177)
	at org.apache.catalina.core.StandardContextValve.invoke(StandardContextValve.java:97)
	at org.apache.catalina.authenticator.AuthenticatorBase.invoke(AuthenticatorBase.java:541)
	at org.apache.catalina.core.StandardHostValve.invoke(StandardHostValve.java:135)
	at org.apache.catalina.valves.ErrorReportValve.invoke(ErrorReportValve.java:92)
	at org.apache.catalina.core.StandardEngineValve.invoke(StandardEngineValve.java:78)
	at org.apache.catalina.connector.CoyoteAdapter.service(CoyoteAdapter.java:360)
	at org.apache.coyote.http11.Http11Processor.service(Http11Processor.java:399)
	at org.apache.coyote.AbstractProcessorLight.process(AbstractProcessorLight.java:65)
	at org.apache.coyote.AbstractProtocol$ConnectionHandler.process(AbstractProtocol.java:891)
	at org.apache.tomcat.util.net.NioEndpoint$SocketProcessor.doRun(NioEndpoint.java:1784)
	at org.apache.tomcat.util.net.SocketProcessorBase.run(SocketProcessorBase.java:49)
	at org.apache.tomcat.util.threads.ThreadPoolExecutor.runWorker(ThreadPoolExecutor.java:1191)
	at org.apache.tomcat.util.threads.ThreadPoolExecutor$Worker.run(ThreadPoolExecutor.java:659)
	at org.apache.tomcat.util.threads.TaskThread$WrappingRunnable.run(TaskThread.java:61)
	at java.base/java.lang.Thread.run(Thread.java:829)
2022-12-24 23:05:26,101 INFO org.hibernate.engine.jdbc.connections.internal.DriverManagerConnectionProviderImpl$PoolState [SpringApplicationShutdownHook] HHH10001008: Cleaning up connection pool [jdbc:postgresql://localhost:5432/my_fit]
2022-12-24 23:08:19,241 INFO org.hibernate.validator.internal.util.Version [background-preinit] HV000001: Hibernate Validator 6.2.5.Final
2022-12-24 23:08:19,268 INFO org.springframework.boot.StartupInfoLogger [main] Starting MyFitApp using Java 11.0.16.1 on Zodiac-PC with PID 9024 (G:\Java\MyFitApp_main\target\classes started by User in G:\Java\MyFitApp_main)
2022-12-24 23:08:19,270 INFO org.springframework.boot.SpringApplication [main] No active profile set, falling back to 1 default profile: "default"
2022-12-24 23:08:21,892 INFO org.apache.juli.logging.DirectJDKLog [main] Initializing ProtocolHandler ["http-nio-8080"]
2022-12-24 23:08:21,894 INFO org.apache.juli.logging.DirectJDKLog [main] Starting service [Tomcat]
2022-12-24 23:08:21,894 INFO org.apache.juli.logging.DirectJDKLog [main] Starting Servlet engine: [Apache Tomcat/9.0.69]
2022-12-24 23:08:22,114 INFO org.apache.juli.logging.DirectJDKLog [main] Initializing Spring embedded WebApplicationContext
2022-12-24 23:08:22,287 INFO org.hibernate.jpa.internal.util.LogHelper [main] HHH000204: Processing PersistenceUnitInfo [name: default]
2022-12-24 23:08:22,406 INFO org.hibernate.Version [main] HHH000412: Hibernate ORM core version 5.6.14.Final
2022-12-24 23:08:22,762 INFO org.hibernate.annotations.common.reflection.java.JavaReflectionManager [main] HCANN000001: Hibernate Commons Annotations {5.1.2.Final}
2022-12-24 23:08:23,235 WARN org.hibernate.engine.jdbc.connections.internal.DriverManagerConnectionProviderImpl [main] HHH10001002: Using Hibernate built-in connection pool (not for production use!)
2022-12-24 23:08:23,247 INFO org.hibernate.engine.jdbc.connections.internal.DriverManagerConnectionProviderImpl [main] HHH10001005: using driver [org.postgresql.Driver] at URL [jdbc:postgresql://localhost:5432/my_fit]
2022-12-24 23:08:23,248 INFO org.hibernate.engine.jdbc.connections.internal.DriverManagerConnectionProviderImpl [main] HHH10001001: Connection properties: {password=****, user=postgres}
2022-12-24 23:08:23,250 INFO org.hibernate.engine.jdbc.connections.internal.DriverManagerConnectionProviderImpl [main] HHH10001003: Autocommit mode: false
2022-12-24 23:08:23,264 INFO org.hibernate.engine.jdbc.connections.internal.DriverManagerConnectionProviderImpl$PooledConnections [main] HHH000115: Hibernate connection pool size: 10 (min=1)
2022-12-24 23:08:23,538 INFO org.hibernate.dialect.Dialect [main] HHH000400: Using dialect: org.hibernate.dialect.PostgreSQLDialect
2022-12-24 23:08:25,014 INFO org.hibernate.engine.transaction.jta.platform.internal.JtaPlatformInitiator [main] HHH000490: Using JtaPlatform implementation: [org.hibernate.engine.transaction.jta.platform.internal.NoJtaPlatform]
2022-12-24 23:08:26,790 INFO org.apache.juli.logging.DirectJDKLog [main] Starting ProtocolHandler ["http-nio-8080"]
2022-12-24 23:08:26,871 INFO org.springframework.boot.StartupInfoLogger [main] Started MyFitApp in 8.676 seconds (JVM running for 10.685)
2022-12-24 23:08:38,544 INFO org.apache.juli.logging.DirectJDKLog [http-nio-8080-exec-2] Initializing Spring DispatcherServlet 'dispatcherServlet'
2022-12-24 23:08:38,571 WARN itacad.aliaksandrkryvapust.myfitapp.controller.filter.JwtFilter [http-nio-8080-exec-2] JWT token does not start with Bearer string
2022-12-24 23:09:28,897 WARN itacad.aliaksandrkryvapust.myfitapp.controller.filter.JwtFilter [http-nio-8080-exec-3] JWT token does not start with Bearer string
2022-12-24 23:10:32,143 INFO org.hibernate.engine.jdbc.connections.internal.DriverManagerConnectionProviderImpl$PoolState [SpringApplicationShutdownHook] HHH10001008: Cleaning up connection pool [jdbc:postgresql://localhost:5432/my_fit]
2022-12-24 23:24:00,367 INFO org.hibernate.validator.internal.util.Version [background-preinit] HV000001: Hibernate Validator 6.2.5.Final
2022-12-24 23:24:00,391 INFO org.springframework.boot.StartupInfoLogger [main] Starting MyFitApp using Java 11.0.16.1 on Zodiac-PC with PID 11308 (G:\Java\MyFitApp_main\target\classes started by User in G:\Java\MyFitApp_main)
2022-12-24 23:24:00,394 INFO org.springframework.boot.SpringApplication [main] No active profile set, falling back to 1 default profile: "default"
2022-12-24 23:24:02,680 INFO org.apache.juli.logging.DirectJDKLog [main] Initializing ProtocolHandler ["http-nio-8080"]
2022-12-24 23:24:02,681 INFO org.apache.juli.logging.DirectJDKLog [main] Starting service [Tomcat]
2022-12-24 23:24:02,682 INFO org.apache.juli.logging.DirectJDKLog [main] Starting Servlet engine: [Apache Tomcat/9.0.69]
2022-12-24 23:24:02,846 INFO org.apache.juli.logging.DirectJDKLog [main] Initializing Spring embedded WebApplicationContext
2022-12-24 23:24:02,961 INFO org.hibernate.jpa.internal.util.LogHelper [main] HHH000204: Processing PersistenceUnitInfo [name: default]
2022-12-24 23:24:03,020 INFO org.hibernate.Version [main] HHH000412: Hibernate ORM core version 5.6.14.Final
2022-12-24 23:24:03,210 INFO org.hibernate.annotations.common.reflection.java.JavaReflectionManager [main] HCANN000001: Hibernate Commons Annotations {5.1.2.Final}
2022-12-24 23:24:03,437 WARN org.hibernate.engine.jdbc.connections.internal.DriverManagerConnectionProviderImpl [main] HHH10001002: Using Hibernate built-in connection pool (not for production use!)
2022-12-24 23:24:03,441 INFO org.hibernate.engine.jdbc.connections.internal.DriverManagerConnectionProviderImpl [main] HHH10001005: using driver [org.postgresql.Driver] at URL [jdbc:postgresql://localhost:5432/my_fit]
2022-12-24 23:24:03,442 INFO org.hibernate.engine.jdbc.connections.internal.DriverManagerConnectionProviderImpl [main] HHH10001001: Connection properties: {password=****, user=postgres}
2022-12-24 23:24:03,442 INFO org.hibernate.engine.jdbc.connections.internal.DriverManagerConnectionProviderImpl [main] HHH10001003: Autocommit mode: false
2022-12-24 23:24:03,445 INFO org.hibernate.engine.jdbc.connections.internal.DriverManagerConnectionProviderImpl$PooledConnections [main] HHH000115: Hibernate connection pool size: 10 (min=1)
2022-12-24 23:24:03,630 INFO org.hibernate.dialect.Dialect [main] HHH000400: Using dialect: org.hibernate.dialect.PostgreSQLDialect
2022-12-24 23:24:04,370 INFO org.hibernate.engine.transaction.jta.platform.internal.JtaPlatformInitiator [main] HHH000490: Using JtaPlatform implementation: [org.hibernate.engine.transaction.jta.platform.internal.NoJtaPlatform]
2022-12-24 23:24:05,521 INFO org.apache.juli.logging.DirectJDKLog [main] Starting ProtocolHandler ["http-nio-8080"]
2022-12-24 23:24:05,566 INFO org.springframework.boot.StartupInfoLogger [main] Started MyFitApp in 6.249 seconds (JVM running for 8.463)
2022-12-24 23:29:14,338 INFO org.apache.juli.logging.DirectJDKLog [http-nio-8080-exec-2] Initializing Spring DispatcherServlet 'dispatcherServlet'
2022-12-24 23:29:14,368 WARN itacad.aliaksandrkryvapust.myfitapp.controller.filter.JwtFilter [http-nio-8080-exec-2] JWT token does not start with Bearer string
2022-12-24 23:30:04,330 INFO org.hibernate.engine.jdbc.connections.internal.DriverManagerConnectionProviderImpl$PoolState [SpringApplicationShutdownHook] HHH10001008: Cleaning up connection pool [jdbc:postgresql://localhost:5432/my_fit]
2022-12-24 23:31:47,123 INFO org.hibernate.validator.internal.util.Version [background-preinit] HV000001: Hibernate Validator 6.2.5.Final
2022-12-24 23:31:47,158 INFO org.springframework.boot.StartupInfoLogger [main] Starting MyFitApp using Java 11.0.16.1 on Zodiac-PC with PID 9128 (G:\Java\MyFitApp_main\target\classes started by User in G:\Java\MyFitApp_main)
2022-12-24 23:31:47,161 INFO org.springframework.boot.SpringApplication [main] No active profile set, falling back to 1 default profile: "default"
2022-12-24 23:31:50,032 INFO org.apache.juli.logging.DirectJDKLog [main] Initializing ProtocolHandler ["http-nio-8080"]
2022-12-24 23:31:50,034 INFO org.apache.juli.logging.DirectJDKLog [main] Starting service [Tomcat]
2022-12-24 23:31:50,034 INFO org.apache.juli.logging.DirectJDKLog [main] Starting Servlet engine: [Apache Tomcat/9.0.69]
2022-12-24 23:31:50,216 INFO org.apache.juli.logging.DirectJDKLog [main] Initializing Spring embedded WebApplicationContext
2022-12-24 23:31:50,359 INFO org.hibernate.jpa.internal.util.LogHelper [main] HHH000204: Processing PersistenceUnitInfo [name: default]
2022-12-24 23:31:50,401 INFO org.hibernate.Version [main] HHH000412: Hibernate ORM core version 5.6.14.Final
2022-12-24 23:31:50,531 INFO org.hibernate.annotations.common.reflection.java.JavaReflectionManager [main] HCANN000001: Hibernate Commons Annotations {5.1.2.Final}
2022-12-24 23:31:50,727 WARN org.hibernate.engine.jdbc.connections.internal.DriverManagerConnectionProviderImpl [main] HHH10001002: Using Hibernate built-in connection pool (not for production use!)
2022-12-24 23:31:50,732 INFO org.hibernate.engine.jdbc.connections.internal.DriverManagerConnectionProviderImpl [main] HHH10001005: using driver [org.postgresql.Driver] at URL [jdbc:postgresql://localhost:5432/my_fit]
2022-12-24 23:31:50,733 INFO org.hibernate.engine.jdbc.connections.internal.DriverManagerConnectionProviderImpl [main] HHH10001001: Connection properties: {password=****, user=postgres}
2022-12-24 23:31:50,734 INFO org.hibernate.engine.jdbc.connections.internal.DriverManagerConnectionProviderImpl [main] HHH10001003: Autocommit mode: false
2022-12-24 23:31:50,737 INFO org.hibernate.engine.jdbc.connections.internal.DriverManagerConnectionProviderImpl$PooledConnections [main] HHH000115: Hibernate connection pool size: 10 (min=1)
2022-12-24 23:31:50,917 INFO org.hibernate.dialect.Dialect [main] HHH000400: Using dialect: org.hibernate.dialect.PostgreSQLDialect
2022-12-24 23:31:51,630 INFO org.hibernate.engine.transaction.jta.platform.internal.JtaPlatformInitiator [main] HHH000490: Using JtaPlatform implementation: [org.hibernate.engine.transaction.jta.platform.internal.NoJtaPlatform]
2022-12-24 23:31:52,718 INFO org.apache.juli.logging.DirectJDKLog [main] Starting ProtocolHandler ["http-nio-8080"]
2022-12-24 23:31:52,754 INFO org.springframework.boot.StartupInfoLogger [main] Started MyFitApp in 6.606 seconds (JVM running for 8.623)
2022-12-24 23:32:18,485 INFO org.apache.juli.logging.DirectJDKLog [http-nio-8080-exec-1] Initializing Spring DispatcherServlet 'dispatcherServlet'
2022-12-24 23:32:18,509 WARN itacad.aliaksandrkryvapust.myfitapp.controller.filter.JwtFilter [http-nio-8080-exec-1] JWT token does not start with Bearer string
2022-12-24 23:32:53,214 WARN itacad.aliaksandrkryvapust.myfitapp.controller.filter.JwtFilter [http-nio-8080-exec-3] JWT token does not start with Bearer string
2022-12-24 23:36:18,929 WARN itacad.aliaksandrkryvapust.myfitapp.controller.filter.JwtFilter [http-nio-8080-exec-6] JWT token does not start with Bearer string
2022-12-24 23:36:19,186 WARN org.hibernate.engine.jdbc.spi.SqlExceptionHelper [http-nio-8080-exec-6] SQL Error: 0, SQLState: 23505
2022-12-24 23:36:19,187 ERROR org.hibernate.engine.jdbc.spi.SqlExceptionHelper [http-nio-8080-exec-6] ОШИБКА: повторяющееся значение ключа нарушает ограничение уникальности "users_UK"
  Подробности: Ключ "(email, username)=(valentina1964@gmail.com, Valya)" уже существует.
2022-12-24 23:36:19,200 INFO org.hibernate.engine.jdbc.batch.internal.AbstractBatchImpl [http-nio-8080-exec-6] HHH000010: On release of batch it still contained JDBC statements
2022-12-24 23:36:19,231 ERROR itacad.aliaksandrkryvapust.myfitapp.controller.exceptions.RestExceptionHandler [http-nio-8080-exec-6] could not execute statement; SQL [n/a]; constraint [null]; nested exception is org.hibernate.exception.ConstraintViolationException: could not execute statement	org.hibernate.exception.ConstraintViolationException: could not execute statement
org.springframework.dao.DataIntegrityViolationException: could not execute statement; SQL [n/a]; constraint [null]; nested exception is org.hibernate.exception.ConstraintViolationException: could not execute statement
2022-12-24 23:36:29,822 WARN itacad.aliaksandrkryvapust.myfitapp.controller.filter.JwtFilter [http-nio-8080-exec-8] JWT token does not start with Bearer string
2022-12-24 23:37:39,718 WARN itacad.aliaksandrkryvapust.myfitapp.controller.filter.JwtFilter [http-nio-8080-exec-10] JWT token does not start with Bearer string
2022-12-24 23:37:39,908 WARN org.hibernate.engine.jdbc.spi.SqlExceptionHelper [http-nio-8080-exec-10] SQL Error: 0, SQLState: 23505
2022-12-24 23:37:39,909 ERROR org.hibernate.engine.jdbc.spi.SqlExceptionHelper [http-nio-8080-exec-10] ОШИБКА: повторяющееся значение ключа нарушает ограничение уникальности "users_UK"
  Подробности: Ключ "(email)=(valentina1964@gmail.com)" уже существует.
2022-12-24 23:37:39,910 INFO org.hibernate.engine.jdbc.batch.internal.AbstractBatchImpl [http-nio-8080-exec-10] HHH000010: On release of batch it still contained JDBC statements
2022-12-24 23:37:39,912 ERROR itacad.aliaksandrkryvapust.myfitapp.controller.exceptions.RestExceptionHandler [http-nio-8080-exec-10] could not execute statement; SQL [n/a]; constraint [null]; nested exception is org.hibernate.exception.ConstraintViolationException: could not execute statement	org.hibernate.exception.ConstraintViolationException: could not execute statement
org.springframework.dao.DataIntegrityViolationException: could not execute statement; SQL [n/a]; constraint [null]; nested exception is org.hibernate.exception.ConstraintViolationException: could not execute statement
2022-12-24 23:38:24,806 INFO org.hibernate.engine.jdbc.connections.internal.DriverManagerConnectionProviderImpl$PoolState [SpringApplicationShutdownHook] HHH10001008: Cleaning up connection pool [jdbc:postgresql://localhost:5432/my_fit]
